#! /usr/bin/vvp
:ivl_version "12.0 (stable)";
:ivl_delay_selection "TYPICAL";
:vpi_time_precision + 0;
:vpi_module "/usr/lib/x86_64-linux-gnu/ivl/system.vpi";
:vpi_module "/usr/lib/x86_64-linux-gnu/ivl/vhdl_sys.vpi";
:vpi_module "/usr/lib/x86_64-linux-gnu/ivl/vhdl_textio.vpi";
:vpi_module "/usr/lib/x86_64-linux-gnu/ivl/v2005_math.vpi";
:vpi_module "/usr/lib/x86_64-linux-gnu/ivl/va_math.vpi";
:vpi_module "/usr/lib/x86_64-linux-gnu/ivl/v2009.vpi";
S_0x56ccd606c490 .scope package, "$unit" "$unit" 2 1;
 .timescale 0 0;
S_0x56ccd606c620 .scope module, "pong" "pong" 3 2;
 .timescale 0 0;
    .port_info 0 /INPUT 1 "pixel_clk";
    .port_info 1 /INPUT 1 "rst";
    .port_info 2 /INPUT 2 "control";
    .port_info 3 /INPUT 4 "puck_speed";
    .port_info 4 /INPUT 4 "paddle_speed";
    .port_info 5 /INPUT 1 "new_frame";
    .port_info 6 /INPUT 11 "h_count";
    .port_info 7 /INPUT 10 "v_count";
    .port_info 8 /OUTPUT 8 "pixel_red";
    .port_info 9 /OUTPUT 8 "pixel_green";
    .port_info 10 /OUTPUT 8 "pixel_blue";
P_0x56ccd609cbc0 .param/l "GAME_HEIGHT" 1 3 22, +C4<00000000000000000000001011010000>;
P_0x56ccd609cc00 .param/l "GAME_WIDTH" 1 3 21, +C4<00000000000000000000010100000000>;
P_0x56ccd609cc40 .param/l "PADDLE_HEIGHT" 1 3 18, +C4<00000000000000000000000010000000>;
P_0x56ccd609cc80 .param/l "PADDLE_WIDTH" 1 3 17, +C4<00000000000000000000000000010000>;
P_0x56ccd609ccc0 .param/l "PUCK_HEIGHT" 1 3 20, +C4<00000000000000000000000010000000>;
P_0x56ccd609cd00 .param/l "PUCK_WIDTH" 1 3 19, +C4<00000000000000000000000010000000>;
L_0x56ccd60c9ea0 .functor OR 8, v0x56ccd60c9560_0, v0x56ccd60c89f0_0, C4<00000000>, C4<00000000>;
L_0x56ccd60c9f70 .functor OR 8, v0x56ccd60c91b0_0, v0x56ccd60c8910_0, C4<00000000>, C4<00000000>;
L_0x56ccd60ca070 .functor OR 8, v0x56ccd60c90d0_0, v0x56ccd60c8830_0, C4<00000000>, C4<00000000>;
L_0x56ccd60da3d0 .functor AND 1, L_0x56ccd60da660, L_0x56ccd60dac70, C4<1>, C4<1>;
v0x56ccd60ac300_0 .net *"_ivl_10", 31 0, L_0x56ccd60ca170;  1 drivers
L_0x7d229bcce018 .functor BUFT 1, C4<0000000000000000000000>, C4<0>, C4<0>, C4<0>;
v0x56ccd60c7620_0 .net *"_ivl_13", 21 0, L_0x7d229bcce018;  1 drivers
L_0x7d229bcce060 .functor BUFT 1, C4<00000000000000000000000010000000>, C4<0>, C4<0>, C4<0>;
v0x56ccd60c7700_0 .net/2u *"_ivl_14", 31 0, L_0x7d229bcce060;  1 drivers
v0x56ccd60c77f0_0 .net *"_ivl_16", 31 0, L_0x56ccd60da330;  1 drivers
v0x56ccd60c78d0_0 .net *"_ivl_18", 31 0, L_0x56ccd60da540;  1 drivers
L_0x7d229bcce0a8 .functor BUFT 1, C4<0000000000000000000000>, C4<0>, C4<0>, C4<0>;
v0x56ccd60c7a00_0 .net *"_ivl_21", 21 0, L_0x7d229bcce0a8;  1 drivers
v0x56ccd60c7ae0_0 .net *"_ivl_22", 0 0, L_0x56ccd60da660;  1 drivers
v0x56ccd60c7ba0_0 .net *"_ivl_24", 31 0, L_0x56ccd60da810;  1 drivers
L_0x7d229bcce0f0 .functor BUFT 1, C4<0000000000000000000000>, C4<0>, C4<0>, C4<0>;
v0x56ccd60c7c80_0 .net *"_ivl_27", 21 0, L_0x7d229bcce0f0;  1 drivers
v0x56ccd60c7d60_0 .net *"_ivl_28", 31 0, L_0x56ccd60da950;  1 drivers
L_0x7d229bcce138 .functor BUFT 1, C4<0000000000000000000000>, C4<0>, C4<0>, C4<0>;
v0x56ccd60c7e40_0 .net *"_ivl_31", 21 0, L_0x7d229bcce138;  1 drivers
L_0x7d229bcce180 .functor BUFT 1, C4<00000000000000000000000010000000>, C4<0>, C4<0>, C4<0>;
v0x56ccd60c7f20_0 .net/2u *"_ivl_32", 31 0, L_0x7d229bcce180;  1 drivers
v0x56ccd60c8000_0 .net *"_ivl_34", 31 0, L_0x56ccd60dab30;  1 drivers
v0x56ccd60c80e0_0 .net *"_ivl_36", 0 0, L_0x56ccd60dac70;  1 drivers
o0x7d229c0bc2b8 .functor BUFZ 2, C4<zz>; HiZ drive
v0x56ccd60c81a0_0 .net "control", 1 0, o0x7d229c0bc2b8;  0 drivers
v0x56ccd60c8280_0 .var "dir_x", 0 0;
v0x56ccd60c8340_0 .var "dir_y", 0 0;
v0x56ccd60c8510_0 .net "down", 0 0, L_0x56ccd60c9dd0;  1 drivers
v0x56ccd60c85d0_0 .var "game_over", 0 0;
o0x7d229c0bc3a8 .functor BUFZ 11, C4<zzzzzzzzzzz>; HiZ drive
v0x56ccd60c8690_0 .net "h_count", 10 0, o0x7d229c0bc3a8;  0 drivers
o0x7d229c0bc3d8 .functor BUFZ 1, C4<z>; HiZ drive
v0x56ccd60c8770_0 .net "new_frame", 0 0, o0x7d229c0bc3d8;  0 drivers
v0x56ccd60c8830_0 .var "paddle_b", 7 0;
v0x56ccd60c8910_0 .var "paddle_g", 7 0;
v0x56ccd60c89f0_0 .var "paddle_r", 7 0;
o0x7d229c0bc498 .functor BUFZ 4, C4<zzzz>; HiZ drive
v0x56ccd60c8ad0_0 .net "paddle_speed", 3 0, o0x7d229c0bc498;  0 drivers
v0x56ccd60c8bb0_0 .var "paddle_x", 10 0;
v0x56ccd60c8c90_0 .var "paddle_y", 9 0;
v0x56ccd60c8d70_0 .net "pixel_blue", 7 0, L_0x56ccd60ca070;  1 drivers
o0x7d229c0bc558 .functor BUFZ 1, C4<z>; HiZ drive
v0x56ccd60c8e50_0 .net "pixel_clk", 0 0, o0x7d229c0bc558;  0 drivers
v0x56ccd60c8f10_0 .net "pixel_green", 7 0, L_0x56ccd60c9f70;  1 drivers
v0x56ccd60c8ff0_0 .net "pixel_red", 7 0, L_0x56ccd60c9ea0;  1 drivers
v0x56ccd60c90d0_0 .var "puck_b", 7 0;
v0x56ccd60c91b0_0 .var "puck_g", 7 0;
v0x56ccd60c94a0_0 .net "puck_overlap", 0 0, L_0x56ccd60da3d0;  1 drivers
v0x56ccd60c9560_0 .var "puck_r", 7 0;
o0x7d229c0bc6a8 .functor BUFZ 4, C4<zzzz>; HiZ drive
v0x56ccd60c9640_0 .net "puck_speed", 3 0, o0x7d229c0bc6a8;  0 drivers
v0x56ccd60c9720_0 .var "puck_x", 10 0;
v0x56ccd60c9800_0 .var "puck_y", 9 0;
o0x7d229c0bc738 .functor BUFZ 1, C4<z>; HiZ drive
v0x56ccd60c98e0_0 .net "rst", 0 0, o0x7d229c0bc738;  0 drivers
v0x56ccd60c99a0_0 .net "up", 0 0, L_0x56ccd60c9d00;  1 drivers
o0x7d229c0bc798 .functor BUFZ 10, C4<zzzzzzzzzz>; HiZ drive
v0x56ccd60c9a60_0 .net "v_count", 9 0, o0x7d229c0bc798;  0 drivers
E_0x56ccd606cb20 .event posedge, v0x56ccd60c8e50_0;
L_0x56ccd60c9d00 .part o0x7d229c0bc2b8, 1, 1;
L_0x56ccd60c9dd0 .part o0x7d229c0bc2b8, 0, 1;
L_0x56ccd60ca170 .concat [ 10 22 0 0], v0x56ccd60c9800_0, L_0x7d229bcce018;
L_0x56ccd60da330 .arith/sum 32, L_0x56ccd60ca170, L_0x7d229bcce060;
L_0x56ccd60da540 .concat [ 10 22 0 0], v0x56ccd60c8c90_0, L_0x7d229bcce0a8;
L_0x56ccd60da660 .cmp/ge 32, L_0x56ccd60da330, L_0x56ccd60da540;
L_0x56ccd60da810 .concat [ 10 22 0 0], v0x56ccd60c9800_0, L_0x7d229bcce0f0;
L_0x56ccd60da950 .concat [ 10 22 0 0], v0x56ccd60c8c90_0, L_0x7d229bcce138;
L_0x56ccd60dab30 .arith/sum 32, L_0x56ccd60da950, L_0x7d229bcce180;
L_0x56ccd60dac70 .cmp/ge 32, L_0x56ccd60dab30, L_0x56ccd60da810;
    .scope S_0x56ccd606c620;
T_0 ;
    %wait E_0x56ccd606cb20;
    %load/vec4 v0x56ccd60c98e0_0;
    %flag_set/vec4 8;
    %jmp/0xz  T_0.0, 8;
    %pushi/vec4 640, 0, 11;
    %assign/vec4 v0x56ccd60c9720_0, 0;
    %pushi/vec4 360, 0, 10;
    %assign/vec4 v0x56ccd60c9800_0, 0;
    %load/vec4 v0x56ccd60c8690_0;
    %parti/s 1, 0, 2;
    %assign/vec4 v0x56ccd60c8280_0, 0;
    %load/vec4 v0x56ccd60c8690_0;
    %parti/s 1, 1, 2;
    %assign/vec4 v0x56ccd60c8340_0, 0;
    %pushi/vec4 0, 0, 11;
    %assign/vec4 v0x56ccd60c8bb0_0, 0;
    %pushi/vec4 360, 0, 10;
    %assign/vec4 v0x56ccd60c8c90_0, 0;
    %pushi/vec4 0, 0, 1;
    %assign/vec4 v0x56ccd60c85d0_0, 0;
    %jmp T_0.1;
T_0.0 ;
    %load/vec4 v0x56ccd60c85d0_0;
    %inv;
    %flag_set/vec4 8;
    %jmp/0xz  T_0.2, 8;
    %load/vec4 v0x56ccd60c9800_0;
    %pad/u 32;
    %cmpi/u 720, 0, 32;
    %flag_inv 5; GE is !LT
    %jmp/1 T_0.6, 5;
    %flag_mov 8, 5;
    %load/vec4 v0x56ccd60c9800_0;
    %pad/u 32;
    %cmpi/u 0, 0, 32;
    %flag_or 5, 4;
    %flag_or 5, 8;
T_0.6;
    %jmp/0xz  T_0.4, 5;
    %load/vec4 v0x56ccd60c8340_0;
    %inv;
    %assign/vec4 v0x56ccd60c8340_0, 0;
    %jmp T_0.5;
T_0.4 ;
    %load/vec4 v0x56ccd60c9720_0;
    %pad/u 32;
    %cmpi/u 1280, 0, 32;
    %flag_inv 5; GE is !LT
    %jmp/0xz  T_0.7, 5;
    %load/vec4 v0x56ccd60c8280_0;
    %inv;
    %assign/vec4 v0x56ccd60c8280_0, 0;
    %jmp T_0.8;
T_0.7 ;
    %load/vec4 v0x56ccd60c9720_0;
    %pad/u 32;
    %cmpi/u 16, 0, 32;
    %flag_or 5, 4;
    %flag_get/vec4 5;
    %jmp/0 T_0.11, 5;
    %load/vec4 v0x56ccd60c94a0_0;
    %and;
T_0.11;
    %flag_set/vec4 8;
    %jmp/0xz  T_0.9, 8;
    %load/vec4 v0x56ccd60c8280_0;
    %inv;
    %assign/vec4 v0x56ccd60c8280_0, 0;
    %jmp T_0.10;
T_0.9 ;
    %pushi/vec4 1, 0, 1;
    %assign/vec4 v0x56ccd60c85d0_0, 0;
T_0.10 ;
T_0.8 ;
T_0.5 ;
T_0.2 ;
T_0.1 ;
    %jmp T_0;
    .thread T_0;
# The file index is used to find the file name in the following table.
:file_names 4;
    "N/A";
    "<interactive>";
    "-";
    "pong.sv";
