Copyright 1986-2022 Xilinx, Inc. All Rights Reserved. Copyright 2022-2025 Advanced Micro Devices, Inc. All Rights Reserved.
---------------------------------------------------------------------------------------------------------------------------------------------
| Tool Version : Vivado v.2025.1 (lin64) Build 6140274 Wed May 21 22:58:25 MDT 2025
| Date         : Wed Sep 24 18:11:11 2025
| Host         : eecs-digital-11 running 64-bit Ubuntu 24.04.3 LTS
| Command      : report_timing_summary -file obj/post_place_timing_summary.rpt
| Design       : top_level
| Device       : 7s50-csga324
| Speed File   : -1  PRODUCTION 1.23 2018-06-13
| Design State : Fully Placed
---------------------------------------------------------------------------------------------------------------------------------------------

Timing Summary Report

------------------------------------------------------------------------------------------------
| Timer Settings
| --------------
------------------------------------------------------------------------------------------------

  Enable Multi Corner Analysis               :  Yes
  Enable Pessimism Removal                   :  Yes
  Pessimism Removal Resolution               :  Nearest Common Node
  Enable Input Delay Default Clock           :  No
  Enable Preset / Clear Arcs                 :  No
  Disable Flight Delays                      :  No
  Ignore I/O Paths                           :  No
  Timing Early Launch at Borrowing Latches   :  No
  Borrow Time for Max Delay Exceptions       :  Yes
  Merge Timing Exceptions                    :  Yes
  Inter-SLR Compensation                     :  Conservative

  Corner  Analyze    Analyze    
  Name    Max Paths  Min Paths  
  ------  ---------  ---------  
  Slow    Yes        Yes        
  Fast    Yes        Yes        


------------------------------------------------------------------------------------------------
| Report Methodology
| ------------------
------------------------------------------------------------------------------------------------

No report available as report_methodology has not been run prior. Run report_methodology on the current design for the summary of methodology violations.



check_timing report

Table of Contents
-----------------
1. checking no_clock (256)
2. checking constant_clock (0)
3. checking pulse_width_clock (0)
4. checking unconstrained_internal_endpoints (8)
5. checking no_input_delay (4)
6. checking no_output_delay (11)
7. checking multiple_clock (0)
8. checking generated_clocks (0)
9. checking loops (0)
10. checking partial_input_delay (0)
11. checking partial_output_delay (0)
12. checking latch_loops (0)

1. checking no_clock (256)
--------------------------
 There are 8 register/latch pins with no clock driven by root clock pin: speaker_pwm/mc/count_reg[0]/Q (HIGH)

 There are 8 register/latch pins with no clock driven by root clock pin: speaker_pwm/mc/count_reg[10]/Q (HIGH)

 There are 8 register/latch pins with no clock driven by root clock pin: speaker_pwm/mc/count_reg[11]/Q (HIGH)

 There are 8 register/latch pins with no clock driven by root clock pin: speaker_pwm/mc/count_reg[12]/Q (HIGH)

 There are 8 register/latch pins with no clock driven by root clock pin: speaker_pwm/mc/count_reg[13]/Q (HIGH)

 There are 8 register/latch pins with no clock driven by root clock pin: speaker_pwm/mc/count_reg[14]/Q (HIGH)

 There are 8 register/latch pins with no clock driven by root clock pin: speaker_pwm/mc/count_reg[15]/Q (HIGH)

 There are 8 register/latch pins with no clock driven by root clock pin: speaker_pwm/mc/count_reg[16]/Q (HIGH)

 There are 8 register/latch pins with no clock driven by root clock pin: speaker_pwm/mc/count_reg[17]/Q (HIGH)

 There are 8 register/latch pins with no clock driven by root clock pin: speaker_pwm/mc/count_reg[18]/Q (HIGH)

 There are 8 register/latch pins with no clock driven by root clock pin: speaker_pwm/mc/count_reg[19]/Q (HIGH)

 There are 8 register/latch pins with no clock driven by root clock pin: speaker_pwm/mc/count_reg[1]/Q (HIGH)

 There are 8 register/latch pins with no clock driven by root clock pin: speaker_pwm/mc/count_reg[20]/Q (HIGH)

 There are 8 register/latch pins with no clock driven by root clock pin: speaker_pwm/mc/count_reg[21]/Q (HIGH)

 There are 8 register/latch pins with no clock driven by root clock pin: speaker_pwm/mc/count_reg[22]/Q (HIGH)

 There are 8 register/latch pins with no clock driven by root clock pin: speaker_pwm/mc/count_reg[23]/Q (HIGH)

 There are 8 register/latch pins with no clock driven by root clock pin: speaker_pwm/mc/count_reg[24]/Q (HIGH)

 There are 8 register/latch pins with no clock driven by root clock pin: speaker_pwm/mc/count_reg[25]/Q (HIGH)

 There are 8 register/latch pins with no clock driven by root clock pin: speaker_pwm/mc/count_reg[26]/Q (HIGH)

 There are 8 register/latch pins with no clock driven by root clock pin: speaker_pwm/mc/count_reg[27]/Q (HIGH)

 There are 8 register/latch pins with no clock driven by root clock pin: speaker_pwm/mc/count_reg[28]/Q (HIGH)

 There are 8 register/latch pins with no clock driven by root clock pin: speaker_pwm/mc/count_reg[29]/Q (HIGH)

 There are 8 register/latch pins with no clock driven by root clock pin: speaker_pwm/mc/count_reg[2]/Q (HIGH)

 There are 8 register/latch pins with no clock driven by root clock pin: speaker_pwm/mc/count_reg[30]/Q (HIGH)

 There are 8 register/latch pins with no clock driven by root clock pin: speaker_pwm/mc/count_reg[31]/Q (HIGH)

 There are 8 register/latch pins with no clock driven by root clock pin: speaker_pwm/mc/count_reg[3]/Q (HIGH)

 There are 8 register/latch pins with no clock driven by root clock pin: speaker_pwm/mc/count_reg[4]/Q (HIGH)

 There are 8 register/latch pins with no clock driven by root clock pin: speaker_pwm/mc/count_reg[5]/Q (HIGH)

 There are 8 register/latch pins with no clock driven by root clock pin: speaker_pwm/mc/count_reg[6]/Q (HIGH)

 There are 8 register/latch pins with no clock driven by root clock pin: speaker_pwm/mc/count_reg[7]/Q (HIGH)

 There are 8 register/latch pins with no clock driven by root clock pin: speaker_pwm/mc/count_reg[8]/Q (HIGH)

 There are 8 register/latch pins with no clock driven by root clock pin: speaker_pwm/mc/count_reg[9]/Q (HIGH)


2. checking constant_clock (0)
------------------------------
 There are 0 register/latch pins with constant_clock.


3. checking pulse_width_clock (0)
---------------------------------
 There are 0 register/latch pins which need pulse_width check


4. checking unconstrained_internal_endpoints (8)
------------------------------------------------
 There are 8 pins that are not constrained for maximum delay. (HIGH)

 There are 0 pins that are not constrained for maximum delay due to constant clock.


5. checking no_input_delay (4)
------------------------------
 There are 4 input ports with no input delay specified. (HIGH)

 There are 0 input ports with no input delay but user has a false path constraint.


6. checking no_output_delay (11)
--------------------------------
 There are 11 ports with no output delay specified. (HIGH)

 There are 0 ports with no output delay but user has a false path constraint

 There are 0 ports with no output delay but with a timing clock defined on it or propagating through it


7. checking multiple_clock (0)
------------------------------
 There are 0 register/latch pins with multiple clocks.


8. checking generated_clocks (0)
--------------------------------
 There are 0 generated clocks that are not connected to a clock source.


9. checking loops (0)
---------------------
 There are 0 combinational loops in the design.


10. checking partial_input_delay (0)
------------------------------------
 There are 0 input ports with partial input delay specified.


11. checking partial_output_delay (0)
-------------------------------------
 There are 0 ports with partial output delay specified.


12. checking latch_loops (0)
----------------------------
 There are 0 combinational latch loops in the design through latch input



------------------------------------------------------------------------------------------------
| Design Timing Summary
| ---------------------
------------------------------------------------------------------------------------------------

    WNS(ns)      TNS(ns)  TNS Failing Endpoints  TNS Total Endpoints      WHS(ns)      THS(ns)  THS Failing Endpoints  THS Total Endpoints     WPWS(ns)     TPWS(ns)  TPWS Failing Endpoints  TPWS Total Endpoints  
    -------      -------  ---------------------  -------------------      -------      -------  ---------------------  -------------------     --------     --------  ----------------------  --------------------  
      4.105        0.000                      0                 1127        0.128        0.000                      0                 1127        3.500        0.000                       0                   279  


All user specified timing constraints are met.


------------------------------------------------------------------------------------------------
| Clock Summary
| -------------
------------------------------------------------------------------------------------------------

Clock  Waveform(ns)       Period(ns)      Frequency(MHz)
-----  ------------       ----------      --------------
gclk   {0.000 4.000}      10.000          100.000         


------------------------------------------------------------------------------------------------
| Intra Clock Table
| -----------------
------------------------------------------------------------------------------------------------

Clock             WNS(ns)      TNS(ns)  TNS Failing Endpoints  TNS Total Endpoints      WHS(ns)      THS(ns)  THS Failing Endpoints  THS Total Endpoints     WPWS(ns)     TPWS(ns)  TPWS Failing Endpoints  TPWS Total Endpoints  
-----             -------      -------  ---------------------  -------------------      -------      -------  ---------------------  -------------------     --------     --------  ----------------------  --------------------  
gclk                4.105        0.000                      0                 1127        0.128        0.000                      0                 1127        3.500        0.000                       0                   279  


------------------------------------------------------------------------------------------------
| Inter Clock Table
| -----------------
------------------------------------------------------------------------------------------------

From Clock    To Clock          WNS(ns)      TNS(ns)  TNS Failing Endpoints  TNS Total Endpoints      WHS(ns)      THS(ns)  THS Failing Endpoints  THS Total Endpoints  
----------    --------          -------      -------  ---------------------  -------------------      -------      -------  ---------------------  -------------------  


------------------------------------------------------------------------------------------------
| Other Path Groups Table
| -----------------------
------------------------------------------------------------------------------------------------

Path Group    From Clock    To Clock          WNS(ns)      TNS(ns)  TNS Failing Endpoints  TNS Total Endpoints      WHS(ns)      THS(ns)  THS Failing Endpoints  THS Total Endpoints  
----------    ----------    --------          -------      -------  ---------------------  -------------------      -------      -------  ---------------------  -------------------  


------------------------------------------------------------------------------------------------
| Timing Details
| --------------
------------------------------------------------------------------------------------------------


---------------------------------------------------------------------------------------------------
From Clock:  gclk
  To Clock:  gclk

Setup :            0  Failing Endpoints,  Worst Slack        4.105ns,  Total Violation        0.000ns
Hold  :            0  Failing Endpoints,  Worst Slack        0.128ns,  Total Violation        0.000ns
PW    :            0  Failing Endpoints,  Worst Slack        3.500ns,  Total Violation        0.000ns
---------------------------------------------------------------------------------------------------


Max Delay Paths
--------------------------------------------------------------------------------------
Slack (MET) :             4.105ns  (required time - arrival time)
  Source:                 counter_8khz_trigger/count_reg[0]/C
                            (rising edge-triggered cell FDRE clocked by gclk  {rise@0.000ns fall@4.000ns period=10.000ns})
  Destination:            counter_8khz_trigger/count_reg[4]/R
                            (rising edge-triggered cell FDRE clocked by gclk  {rise@0.000ns fall@4.000ns period=10.000ns})
  Path Group:             gclk
  Path Type:              Setup (Max at Slow Process Corner)
  Requirement:            10.000ns  (gclk rise@10.000ns - gclk rise@0.000ns)
  Data Path Delay:        5.409ns  (logic 2.157ns (39.878%)  route 3.252ns (60.122%))
  Logic Levels:           6  (CARRY4=4 LUT2=2)
  Clock Path Skew:        -0.022ns (DCD - SCD + CPR)
    Destination Clock Delay (DCD):    4.829ns = ( 14.829 - 10.000 ) 
    Source Clock Delay      (SCD):    5.118ns
    Clock Pessimism Removal (CPR):    0.268ns
  Clock Uncertainty:      0.035ns  ((TSJ^2 + TIJ^2)^1/2 + DJ) / 2 + PE
    Total System Jitter     (TSJ):    0.071ns
    Total Input Jitter      (TIJ):    0.000ns
    Discrete Jitter          (DJ):    0.000ns
    Phase Error              (PE):    0.000ns

    Location             Delay type                Incr(ns)  Path(ns)    Netlist Resource(s)
  -------------------------------------------------------------------    -------------------
                         (clock gclk rise edge)       0.000     0.000 r  
    N15                                               0.000     0.000 r  clk_100mhz (IN)
                         net (fo=0)                   0.000     0.000    clk_100mhz
    N15                  IBUF (Prop_ibuf_I_O)         1.440     1.440 r  clk_100mhz_IBUF_inst/O
                         net (fo=1, estimated)        1.972     3.412    clk_100mhz_IBUF
    BUFGCTRL_X0Y0        BUFG (Prop_bufg_I_O)         0.096     3.508 r  clk_100mhz_IBUF_BUFG_inst/O
                         net (fo=278, estimated)      1.610     5.118    counter_8khz_trigger/clk_100mhz_IBUF_BUFG
    SLICE_X1Y78          FDRE                                         r  counter_8khz_trigger/count_reg[0]/C
  -------------------------------------------------------------------    -------------------
    SLICE_X1Y78          FDRE (Prop_fdre_C_Q)         0.456     5.574 r  counter_8khz_trigger/count_reg[0]/Q
                         net (fo=3, estimated)        0.657     6.231    counter_8khz_trigger/count_reg[0]
    SLICE_X3Y79          LUT2 (Prop_lut2_I1_O)        0.150     6.381 r  counter_8khz_trigger/count0_carry_i_1/O
                         net (fo=1, estimated)        0.523     6.904    counter_8khz_trigger/count0_carry_i_1_n_0
    SLICE_X0Y79          CARRY4 (Prop_carry4_CYINIT_CO[3])
                                                      0.782     7.686 r  counter_8khz_trigger/count0_carry/CO[3]
                         net (fo=1, estimated)        0.000     7.686    counter_8khz_trigger/count0_carry_n_0
    SLICE_X0Y80          CARRY4 (Prop_carry4_CI_CO[3])
                                                      0.114     7.800 r  counter_8khz_trigger/count0_carry__0/CO[3]
                         net (fo=1, estimated)        0.000     7.800    counter_8khz_trigger/count0_carry__0_n_0
    SLICE_X0Y81          CARRY4 (Prop_carry4_CI_CO[3])
                                                      0.114     7.914 r  counter_8khz_trigger/count0_carry__1/CO[3]
                         net (fo=1, estimated)        0.000     7.914    counter_8khz_trigger/count0_carry__1_n_0
    SLICE_X0Y82          CARRY4 (Prop_carry4_CI_CO[2])
                                                      0.228     8.142 r  counter_8khz_trigger/count0_carry__2/CO[2]
                         net (fo=1, estimated)        1.105     9.247    counter_8khz_trigger/count0_carry__2_n_1
    SLICE_X9Y84          LUT2 (Prop_lut2_I0_O)        0.313     9.560 r  counter_8khz_trigger/count[0]_i_1/O
                         net (fo=32, estimated)       0.967    10.527    counter_8khz_trigger/count[0]_i_1_n_0
    SLICE_X1Y79          FDRE                                         r  counter_8khz_trigger/count_reg[4]/R
  -------------------------------------------------------------------    -------------------

                         (clock gclk rise edge)      10.000    10.000 r  
    N15                                               0.000    10.000 r  clk_100mhz (IN)
                         net (fo=0)                   0.000    10.000    clk_100mhz
    N15                  IBUF (Prop_ibuf_I_O)         1.370    11.370 r  clk_100mhz_IBUF_inst/O
                         net (fo=1, estimated)        1.873    13.244    clk_100mhz_IBUF
    BUFGCTRL_X0Y0        BUFG (Prop_bufg_I_O)         0.091    13.335 r  clk_100mhz_IBUF_BUFG_inst/O
                         net (fo=278, estimated)      1.494    14.829    counter_8khz_trigger/clk_100mhz_IBUF_BUFG
    SLICE_X1Y79          FDRE                                         r  counter_8khz_trigger/count_reg[4]/C
                         clock pessimism              0.268    15.096    
                         clock uncertainty           -0.035    15.061    
    SLICE_X1Y79          FDRE (Setup_fdre_C_R)       -0.429    14.632    counter_8khz_trigger/count_reg[4]
  -------------------------------------------------------------------
                         required time                         14.632    
                         arrival time                         -10.527    
  -------------------------------------------------------------------
                         slack                                  4.105    





Min Delay Paths
--------------------------------------------------------------------------------------
Slack (MET) :             0.128ns  (arrival time - required time)
  Source:                 portb_counter/count_reg[11]/C
                            (rising edge-triggered cell FDRE clocked by gclk  {rise@0.000ns fall@4.000ns period=10.000ns})
  Destination:            audio_bram/BRAM_reg_1_6/ADDRARDADDR[11]
                            (rising edge-triggered cell RAMB36E1 clocked by gclk  {rise@0.000ns fall@4.000ns period=10.000ns})
  Path Group:             gclk
  Path Type:              Hold (Min at Fast Process Corner)
  Requirement:            0.000ns  (gclk rise@0.000ns - gclk rise@0.000ns)
  Data Path Delay:        0.371ns  (logic 0.164ns (44.159%)  route 0.207ns (55.841%))
  Logic Levels:           0  
  Clock Path Skew:        0.060ns (DCD - SCD - CPR)
    Destination Clock Delay (DCD):    2.171ns
    Source Clock Delay      (SCD):    1.623ns
    Clock Pessimism Removal (CPR):    0.488ns

    Location             Delay type                Incr(ns)  Path(ns)    Netlist Resource(s)
  -------------------------------------------------------------------    -------------------
                         (clock gclk rise edge)       0.000     0.000 r  
    N15                                               0.000     0.000 r  clk_100mhz (IN)
                         net (fo=0)                   0.000     0.000    clk_100mhz
    N15                  IBUF (Prop_ibuf_I_O)         0.209     0.209 r  clk_100mhz_IBUF_inst/O
                         net (fo=1, estimated)        0.831     1.040    clk_100mhz_IBUF
    BUFGCTRL_X0Y0        BUFG (Prop_bufg_I_O)         0.026     1.066 r  clk_100mhz_IBUF_BUFG_inst/O
                         net (fo=278, estimated)      0.557     1.623    portb_counter/clk_100mhz_IBUF_BUFG
    SLICE_X8Y86          FDRE                                         r  portb_counter/count_reg[11]/C
  -------------------------------------------------------------------    -------------------
    SLICE_X8Y86          FDRE (Prop_fdre_C_Q)         0.164     1.787 r  portb_counter/count_reg[11]/Q
                         net (fo=17, estimated)       0.207     1.994    audio_bram/O49[11]
    RAMB36_X0Y17         RAMB36E1                                     r  audio_bram/BRAM_reg_1_6/ADDRARDADDR[11]
  -------------------------------------------------------------------    -------------------

                         (clock gclk rise edge)       0.000     0.000 r  
    N15                                               0.000     0.000 r  clk_100mhz (IN)
                         net (fo=0)                   0.000     0.000    clk_100mhz
    N15                  IBUF (Prop_ibuf_I_O)         0.396     0.396 r  clk_100mhz_IBUF_inst/O
                         net (fo=1, estimated)        0.875     1.271    clk_100mhz_IBUF
    BUFGCTRL_X0Y0        BUFG (Prop_bufg_I_O)         0.029     1.300 r  clk_100mhz_IBUF_BUFG_inst/O
                         net (fo=278, estimated)      0.871     2.171    audio_bram/clk_100mhz_IBUF_BUFG
    RAMB36_X0Y17         RAMB36E1                                     r  audio_bram/BRAM_reg_1_6/CLKARDCLK
                         clock pessimism             -0.488     1.683    
    RAMB36_X0Y17         RAMB36E1 (Hold_ramb36e1_CLKARDCLK_ADDRARDADDR[11])
                                                      0.183     1.866    audio_bram/BRAM_reg_1_6
  -------------------------------------------------------------------
                         required time                         -1.866    
                         arrival time                           1.994    
  -------------------------------------------------------------------
                         slack                                  0.128    





Pulse Width Checks
--------------------------------------------------------------------------------------
Clock Name:         gclk
Waveform(ns):       { 0.000 4.000 }
Period(ns):         10.000
Sources:            { clk_100mhz }

Check Type        Corner  Lib Pin             Reference Pin  Required(ns)  Actual(ns)  Slack(ns)  Location      Pin
Min Period        n/a     RAMB36E1/CLKARDCLK  n/a            3.363         10.000      6.637      RAMB36_X0Y14  audio_bram/BRAM_reg_0_0/CLKARDCLK
Low Pulse Width   Slow    FDRE/C              n/a            0.500         6.000       5.500      SLICE_X6Y80   audio_sample_reg[0]/C
High Pulse Width  Slow    FDRE/C              n/a            0.500         4.000       3.500      SLICE_X6Y80   audio_sample_reg[0]/C



