Copyright 1986-2022 Xilinx, Inc. All Rights Reserved. Copyright 2022-2025 Advanced Micro Devices, Inc. All Rights Reserved.
---------------------------------------------------------------------------------------------------------------------------------------------
| Tool Version : Vivado v.2025.1 (lin64) Build 6140274 Wed May 21 22:58:25 MDT 2025
| Date         : Wed Sep 24 18:11:07 2025
| Host         : eecs-digital-11 running 64-bit Ubuntu 24.04.3 LTS
| Command      : report_timing_summary -file obj/post_synth_timing_summary.rpt
| Design       : top_level
| Device       : 7s50-csga324
| Speed File   : -1  PRODUCTION 1.23 2018-06-13
| Design State : Synthesized
---------------------------------------------------------------------------------------------------------------------------------------------

Timing Summary Report

------------------------------------------------------------------------------------------------
| Timer Settings
| --------------
------------------------------------------------------------------------------------------------

  Enable Multi Corner Analysis               :  Yes
  Enable Pessimism Removal                   :  Yes
  Pessimism Removal Resolution               :  Nearest Common Node
  Enable Input Delay Default Clock           :  No
  Enable Preset / Clear Arcs                 :  No
  Disable Flight Delays                      :  No
  Ignore I/O Paths                           :  No
  Timing Early Launch at Borrowing Latches   :  No
  Borrow Time for Max Delay Exceptions       :  Yes
  Merge Timing Exceptions                    :  Yes
  Inter-SLR Compensation                     :  Conservative

  Corner  Analyze    Analyze    
  Name    Max Paths  Min Paths  
  ------  ---------  ---------  
  Slow    Yes        Yes        
  Fast    Yes        Yes        


------------------------------------------------------------------------------------------------
| Report Methodology
| ------------------
------------------------------------------------------------------------------------------------

No report available as report_methodology has not been run prior. Run report_methodology on the current design for the summary of methodology violations.



check_timing report

Table of Contents
-----------------
1. checking no_clock (256)
2. checking constant_clock (0)
3. checking pulse_width_clock (0)
4. checking unconstrained_internal_endpoints (8)
5. checking no_input_delay (4)
6. checking no_output_delay (11)
7. checking multiple_clock (0)
8. checking generated_clocks (0)
9. checking loops (0)
10. checking partial_input_delay (0)
11. checking partial_output_delay (0)
12. checking latch_loops (0)

1. checking no_clock (256)
--------------------------
 There are 8 register/latch pins with no clock driven by root clock pin: speaker_pwm/mc/count_reg[0]/Q (HIGH)

 There are 8 register/latch pins with no clock driven by root clock pin: speaker_pwm/mc/count_reg[10]/Q (HIGH)

 There are 8 register/latch pins with no clock driven by root clock pin: speaker_pwm/mc/count_reg[11]/Q (HIGH)

 There are 8 register/latch pins with no clock driven by root clock pin: speaker_pwm/mc/count_reg[12]/Q (HIGH)

 There are 8 register/latch pins with no clock driven by root clock pin: speaker_pwm/mc/count_reg[13]/Q (HIGH)

 There are 8 register/latch pins with no clock driven by root clock pin: speaker_pwm/mc/count_reg[14]/Q (HIGH)

 There are 8 register/latch pins with no clock driven by root clock pin: speaker_pwm/mc/count_reg[15]/Q (HIGH)

 There are 8 register/latch pins with no clock driven by root clock pin: speaker_pwm/mc/count_reg[16]/Q (HIGH)

 There are 8 register/latch pins with no clock driven by root clock pin: speaker_pwm/mc/count_reg[17]/Q (HIGH)

 There are 8 register/latch pins with no clock driven by root clock pin: speaker_pwm/mc/count_reg[18]/Q (HIGH)

 There are 8 register/latch pins with no clock driven by root clock pin: speaker_pwm/mc/count_reg[19]/Q (HIGH)

 There are 8 register/latch pins with no clock driven by root clock pin: speaker_pwm/mc/count_reg[1]/Q (HIGH)

 There are 8 register/latch pins with no clock driven by root clock pin: speaker_pwm/mc/count_reg[20]/Q (HIGH)

 There are 8 register/latch pins with no clock driven by root clock pin: speaker_pwm/mc/count_reg[21]/Q (HIGH)

 There are 8 register/latch pins with no clock driven by root clock pin: speaker_pwm/mc/count_reg[22]/Q (HIGH)

 There are 8 register/latch pins with no clock driven by root clock pin: speaker_pwm/mc/count_reg[23]/Q (HIGH)

 There are 8 register/latch pins with no clock driven by root clock pin: speaker_pwm/mc/count_reg[24]/Q (HIGH)

 There are 8 register/latch pins with no clock driven by root clock pin: speaker_pwm/mc/count_reg[25]/Q (HIGH)

 There are 8 register/latch pins with no clock driven by root clock pin: speaker_pwm/mc/count_reg[26]/Q (HIGH)

 There are 8 register/latch pins with no clock driven by root clock pin: speaker_pwm/mc/count_reg[27]/Q (HIGH)

 There are 8 register/latch pins with no clock driven by root clock pin: speaker_pwm/mc/count_reg[28]/Q (HIGH)

 There are 8 register/latch pins with no clock driven by root clock pin: speaker_pwm/mc/count_reg[29]/Q (HIGH)

 There are 8 register/latch pins with no clock driven by root clock pin: speaker_pwm/mc/count_reg[2]/Q (HIGH)

 There are 8 register/latch pins with no clock driven by root clock pin: speaker_pwm/mc/count_reg[30]/Q (HIGH)

 There are 8 register/latch pins with no clock driven by root clock pin: speaker_pwm/mc/count_reg[31]/Q (HIGH)

 There are 8 register/latch pins with no clock driven by root clock pin: speaker_pwm/mc/count_reg[3]/Q (HIGH)

 There are 8 register/latch pins with no clock driven by root clock pin: speaker_pwm/mc/count_reg[4]/Q (HIGH)

 There are 8 register/latch pins with no clock driven by root clock pin: speaker_pwm/mc/count_reg[5]/Q (HIGH)

 There are 8 register/latch pins with no clock driven by root clock pin: speaker_pwm/mc/count_reg[6]/Q (HIGH)

 There are 8 register/latch pins with no clock driven by root clock pin: speaker_pwm/mc/count_reg[7]/Q (HIGH)

 There are 8 register/latch pins with no clock driven by root clock pin: speaker_pwm/mc/count_reg[8]/Q (HIGH)

 There are 8 register/latch pins with no clock driven by root clock pin: speaker_pwm/mc/count_reg[9]/Q (HIGH)


2. checking constant_clock (0)
------------------------------
 There are 0 register/latch pins with constant_clock.


3. checking pulse_width_clock (0)
---------------------------------
 There are 0 register/latch pins which need pulse_width check


4. checking unconstrained_internal_endpoints (8)
------------------------------------------------
 There are 8 pins that are not constrained for maximum delay. (HIGH)

 There are 0 pins that are not constrained for maximum delay due to constant clock.


5. checking no_input_delay (4)
------------------------------
 There are 4 input ports with no input delay specified. (HIGH)

 There are 0 input ports with no input delay but user has a false path constraint.


6. checking no_output_delay (11)
--------------------------------
 There are 11 ports with no output delay specified. (HIGH)

 There are 0 ports with no output delay but user has a false path constraint

 There are 0 ports with no output delay but with a timing clock defined on it or propagating through it


7. checking multiple_clock (0)
------------------------------
 There are 0 register/latch pins with multiple clocks.


8. checking generated_clocks (0)
--------------------------------
 There are 0 generated clocks that are not connected to a clock source.


9. checking loops (0)
---------------------
 There are 0 combinational loops in the design.


10. checking partial_input_delay (0)
------------------------------------
 There are 0 input ports with partial input delay specified.


11. checking partial_output_delay (0)
-------------------------------------
 There are 0 ports with partial output delay specified.


12. checking latch_loops (0)
----------------------------
 There are 0 combinational latch loops in the design through latch input



------------------------------------------------------------------------------------------------
| Design Timing Summary
| ---------------------
------------------------------------------------------------------------------------------------

    WNS(ns)      TNS(ns)  TNS Failing Endpoints  TNS Total Endpoints      WHS(ns)      THS(ns)  THS Failing Endpoints  THS Total Endpoints     WPWS(ns)     TPWS(ns)  TPWS Failing Endpoints  TPWS Total Endpoints  
    -------      -------  ---------------------  -------------------      -------      -------  ---------------------  -------------------     --------     --------  ----------------------  --------------------  
      4.788        0.000                      0                 1092        0.134        0.000                      0                 1092        3.500        0.000                       0                   275  


All user specified timing constraints are met.


------------------------------------------------------------------------------------------------
| Clock Summary
| -------------
------------------------------------------------------------------------------------------------

Clock  Waveform(ns)       Period(ns)      Frequency(MHz)
-----  ------------       ----------      --------------
gclk   {0.000 4.000}      10.000          100.000         


------------------------------------------------------------------------------------------------
| Intra Clock Table
| -----------------
------------------------------------------------------------------------------------------------

Clock             WNS(ns)      TNS(ns)  TNS Failing Endpoints  TNS Total Endpoints      WHS(ns)      THS(ns)  THS Failing Endpoints  THS Total Endpoints     WPWS(ns)     TPWS(ns)  TPWS Failing Endpoints  TPWS Total Endpoints  
-----             -------      -------  ---------------------  -------------------      -------      -------  ---------------------  -------------------     --------     --------  ----------------------  --------------------  
gclk                4.788        0.000                      0                 1092        0.134        0.000                      0                 1092        3.500        0.000                       0                   275  


------------------------------------------------------------------------------------------------
| Inter Clock Table
| -----------------
------------------------------------------------------------------------------------------------

From Clock    To Clock          WNS(ns)      TNS(ns)  TNS Failing Endpoints  TNS Total Endpoints      WHS(ns)      THS(ns)  THS Failing Endpoints  THS Total Endpoints  
----------    --------          -------      -------  ---------------------  -------------------      -------      -------  ---------------------  -------------------  


------------------------------------------------------------------------------------------------
| Other Path Groups Table
| -----------------------
------------------------------------------------------------------------------------------------

Path Group    From Clock    To Clock          WNS(ns)      TNS(ns)  TNS Failing Endpoints  TNS Total Endpoints      WHS(ns)      THS(ns)  THS Failing Endpoints  THS Total Endpoints  
----------    ----------    --------          -------      -------  ---------------------  -------------------      -------      -------  ---------------------  -------------------  


------------------------------------------------------------------------------------------------
| Timing Details
| --------------
------------------------------------------------------------------------------------------------


---------------------------------------------------------------------------------------------------
From Clock:  gclk
  To Clock:  gclk

Setup :            0  Failing Endpoints,  Worst Slack        4.788ns,  Total Violation        0.000ns
Hold  :            0  Failing Endpoints,  Worst Slack        0.134ns,  Total Violation        0.000ns
PW    :            0  Failing Endpoints,  Worst Slack        3.500ns,  Total Violation        0.000ns
---------------------------------------------------------------------------------------------------


Max Delay Paths
--------------------------------------------------------------------------------------
Slack (MET) :             4.788ns  (required time - arrival time)
  Source:                 counter_8khz_trigger/count_reg[6]/C
                            (rising edge-triggered cell FDRE clocked by gclk  {rise@0.000ns fall@4.000ns period=10.000ns})
  Destination:            my_spi_con/data_out_reg[0]/R
                            (rising edge-triggered cell FDRE clocked by gclk  {rise@0.000ns fall@4.000ns period=10.000ns})
  Path Group:             gclk
  Path Type:              Setup (Max at Slow Process Corner)
  Requirement:            10.000ns  (gclk rise@10.000ns - gclk rise@0.000ns)
  Data Path Delay:        4.599ns  (logic 1.145ns (24.897%)  route 3.454ns (75.103%))
  Logic Levels:           4  (LUT4=2 LUT5=1 LUT6=1)
  Clock Path Skew:        -0.145ns (DCD - SCD + CPR)
    Destination Clock Delay (DCD):    2.660ns = ( 12.660 - 10.000 ) 
    Source Clock Delay      (SCD):    2.920ns
    Clock Pessimism Removal (CPR):    0.115ns
  Clock Uncertainty:      0.035ns  ((TSJ^2 + TIJ^2)^1/2 + DJ) / 2 + PE
    Total System Jitter     (TSJ):    0.071ns
    Total Input Jitter      (TIJ):    0.000ns
    Discrete Jitter          (DJ):    0.000ns
    Phase Error              (PE):    0.000ns

    Location             Delay type                Incr(ns)  Path(ns)    Netlist Resource(s)
  -------------------------------------------------------------------    -------------------
                         (clock gclk rise edge)       0.000     0.000 r  
    N15                                               0.000     0.000 r  clk_100mhz (IN)
                         net (fo=0)                   0.000     0.000    clk_100mhz
    N15                  IBUF (Prop_ibuf_I_O)         1.440     1.440 r  clk_100mhz_IBUF_inst/O
                         net (fo=1, unplaced)         0.800     2.240    clk_100mhz_IBUF
                         BUFG (Prop_bufg_I_O)         0.096     2.336 r  clk_100mhz_IBUF_BUFG_inst/O
                         net (fo=274, unplaced)       0.584     2.920    counter_8khz_trigger/clk_100mhz_IBUF_BUFG
                         FDRE                                         r  counter_8khz_trigger/count_reg[6]/C
  -------------------------------------------------------------------    -------------------
                         FDRE (Prop_fdre_C_Q)         0.478     3.398 r  counter_8khz_trigger/count_reg[6]/Q
                         net (fo=3, unplaced)         0.759     4.157    counter_8khz_trigger/count_reg[6]
                         LUT4 (Prop_lut4_I1_O)        0.295     4.452 f  counter_8khz_trigger/cycle_count[31]_i_11/O
                         net (fo=1, unplaced)         0.449     4.901    counter_8khz_trigger/cycle_count[31]_i_11_n_0
                         LUT5 (Prop_lut5_I4_O)        0.124     5.025 f  counter_8khz_trigger/cycle_count[31]_i_4/O
                         net (fo=3, unplaced)         0.920     5.945    counter_8khz_trigger/cycle_count[31]_i_4_n_0
                         LUT6 (Prop_lut6_I3_O)        0.124     6.069 r  counter_8khz_trigger/cycle_count[31]_i_1/O
                         net (fo=63, unplaced)        0.507     6.576    my_spi_con/SR[0]
                         LUT4 (Prop_lut4_I0_O)        0.124     6.700 r  my_spi_con/data_out[9]_i_1/O
                         net (fo=10, unplaced)        0.819     7.519    my_spi_con/data_out[9]_i_1_n_0
                         FDRE                                         r  my_spi_con/data_out_reg[0]/R
  -------------------------------------------------------------------    -------------------

                         (clock gclk rise edge)      10.000    10.000 r  
    N15                                               0.000    10.000 r  clk_100mhz (IN)
                         net (fo=0)                   0.000    10.000    clk_100mhz
    N15                  IBUF (Prop_ibuf_I_O)         1.370    11.370 r  clk_100mhz_IBUF_inst/O
                         net (fo=1, unplaced)         0.760    12.130    clk_100mhz_IBUF
                         BUFG (Prop_bufg_I_O)         0.091    12.221 r  clk_100mhz_IBUF_BUFG_inst/O
                         net (fo=274, unplaced)       0.439    12.660    my_spi_con/clk_100mhz_IBUF_BUFG
                         FDRE                                         r  my_spi_con/data_out_reg[0]/C
                         clock pessimism              0.115    12.775    
                         clock uncertainty           -0.035    12.740    
                         FDRE (Setup_fdre_C_R)       -0.433    12.307    my_spi_con/data_out_reg[0]
  -------------------------------------------------------------------
                         required time                         12.307    
                         arrival time                          -7.519    
  -------------------------------------------------------------------
                         slack                                  4.788    





Min Delay Paths
--------------------------------------------------------------------------------------
Slack (MET) :             0.134ns  (arrival time - required time)
  Source:                 audio_sample_reg[0]/C
                            (rising edge-triggered cell FDRE clocked by gclk  {rise@0.000ns fall@4.000ns period=10.000ns})
  Destination:            transmitter/buffer_input_reg[0]/D
                            (rising edge-triggered cell FDRE clocked by gclk  {rise@0.000ns fall@4.000ns period=10.000ns})
  Path Group:             gclk
  Path Type:              Hold (Min at Fast Process Corner)
  Requirement:            0.000ns  (gclk rise@0.000ns - gclk rise@0.000ns)
  Data Path Delay:        0.370ns  (logic 0.239ns (64.578%)  route 0.131ns (35.422%))
  Logic Levels:           1  (LUT5=1)
  Clock Path Skew:        0.145ns (DCD - SCD - CPR)
    Destination Clock Delay (DCD):    1.039ns
    Source Clock Delay      (SCD):    0.686ns
    Clock Pessimism Removal (CPR):    0.208ns

    Location             Delay type                Incr(ns)  Path(ns)    Netlist Resource(s)
  -------------------------------------------------------------------    -------------------
                         (clock gclk rise edge)       0.000     0.000 r  
    N15                                               0.000     0.000 r  clk_100mhz (IN)
                         net (fo=0)                   0.000     0.000    clk_100mhz
    N15                  IBUF (Prop_ibuf_I_O)         0.209     0.209 r  clk_100mhz_IBUF_inst/O
                         net (fo=1, unplaced)         0.337     0.546    clk_100mhz_IBUF
                         BUFG (Prop_bufg_I_O)         0.026     0.572 r  clk_100mhz_IBUF_BUFG_inst/O
                         net (fo=274, unplaced)       0.114     0.686    clk_100mhz_IBUF_BUFG
                         FDRE                                         r  audio_sample_reg[0]/C
  -------------------------------------------------------------------    -------------------
                         FDRE (Prop_fdre_C_Q)         0.141     0.827 r  audio_sample_reg[0]/Q
                         net (fo=1, unplaced)         0.131     0.958    transmitter/Q[0]
                         LUT5 (Prop_lut5_I4_O)        0.098     1.056 r  transmitter/buffer_input[0]_i_1/O
                         net (fo=1, unplaced)         0.000     1.056    transmitter/buffer_input[0]_i_1_n_0
                         FDRE                                         r  transmitter/buffer_input_reg[0]/D
  -------------------------------------------------------------------    -------------------

                         (clock gclk rise edge)       0.000     0.000 r  
    N15                                               0.000     0.000 r  clk_100mhz (IN)
                         net (fo=0)                   0.000     0.000    clk_100mhz
    N15                  IBUF (Prop_ibuf_I_O)         0.396     0.396 r  clk_100mhz_IBUF_inst/O
                         net (fo=1, unplaced)         0.355     0.751    clk_100mhz_IBUF
                         BUFG (Prop_bufg_I_O)         0.029     0.780 r  clk_100mhz_IBUF_BUFG_inst/O
                         net (fo=274, unplaced)       0.259     1.039    transmitter/clk_100mhz_IBUF_BUFG
                         FDRE                                         r  transmitter/buffer_input_reg[0]/C
                         clock pessimism             -0.208     0.831    
                         FDRE (Hold_fdre_C_D)         0.091     0.922    transmitter/buffer_input_reg[0]
  -------------------------------------------------------------------
                         required time                         -0.922    
                         arrival time                           1.056    
  -------------------------------------------------------------------
                         slack                                  0.134    





Pulse Width Checks
--------------------------------------------------------------------------------------
Clock Name:         gclk
Waveform(ns):       { 0.000 4.000 }
Period(ns):         10.000
Sources:            { clk_100mhz }

Check Type        Corner  Lib Pin             Reference Pin  Required(ns)  Actual(ns)  Slack(ns)  Location  Pin
Min Period        n/a     RAMB36E1/CLKARDCLK  n/a            3.363         10.000      6.637                audio_bram/BRAM_reg_0_0/CLKARDCLK
Low Pulse Width   Slow    FDRE/C              n/a            0.500         6.000       5.500                audio_sample_reg[0]/C
High Pulse Width  Slow    FDRE/C              n/a            0.500         4.000       3.500                audio_sample_reg[0]/C



