Copyright 1986-2022 Xilinx, Inc. All Rights Reserved. Copyright 2022-2025 Advanced Micro Devices, Inc. All Rights Reserved.
---------------------------------------------------------------------------------------------------------------------------------------------
| Tool Version : Vivado v.2025.1 (lin64) Build 6140274 Wed May 21 22:58:25 MDT 2025
| Date         : Wed Sep 24 18:11:18 2025
| Host         : eecs-digital-11 running 64-bit Ubuntu 24.04.3 LTS
| Command      : report_timing_summary -file obj/post_route_timing_summary.rpt
| Design       : top_level
| Device       : 7s50-csga324
| Speed File   : -1  PRODUCTION 1.23 2018-06-13
| Design State : Routed
---------------------------------------------------------------------------------------------------------------------------------------------

Timing Summary Report

------------------------------------------------------------------------------------------------
| Timer Settings
| --------------
------------------------------------------------------------------------------------------------

  Enable Multi Corner Analysis               :  Yes
  Enable Pessimism Removal                   :  Yes
  Pessimism Removal Resolution               :  Nearest Common Node
  Enable Input Delay Default Clock           :  No
  Enable Preset / Clear Arcs                 :  No
  Disable Flight Delays                      :  No
  Ignore I/O Paths                           :  No
  Timing Early Launch at Borrowing Latches   :  No
  Borrow Time for Max Delay Exceptions       :  Yes
  Merge Timing Exceptions                    :  Yes
  Inter-SLR Compensation                     :  Conservative

  Corner  Analyze    Analyze    
  Name    Max Paths  Min Paths  
  ------  ---------  ---------  
  Slow    Yes        Yes        
  Fast    Yes        Yes        


------------------------------------------------------------------------------------------------
| Report Methodology
| ------------------
------------------------------------------------------------------------------------------------

No report available as report_methodology has not been run prior. Run report_methodology on the current design for the summary of methodology violations.



check_timing report

Table of Contents
-----------------
1. checking no_clock (256)
2. checking constant_clock (0)
3. checking pulse_width_clock (0)
4. checking unconstrained_internal_endpoints (8)
5. checking no_input_delay (4)
6. checking no_output_delay (11)
7. checking multiple_clock (0)
8. checking generated_clocks (0)
9. checking loops (0)
10. checking partial_input_delay (0)
11. checking partial_output_delay (0)
12. checking latch_loops (0)

1. checking no_clock (256)
--------------------------
 There are 8 register/latch pins with no clock driven by root clock pin: speaker_pwm/mc/count_reg[0]/Q (HIGH)

 There are 8 register/latch pins with no clock driven by root clock pin: speaker_pwm/mc/count_reg[10]/Q (HIGH)

 There are 8 register/latch pins with no clock driven by root clock pin: speaker_pwm/mc/count_reg[11]/Q (HIGH)

 There are 8 register/latch pins with no clock driven by root clock pin: speaker_pwm/mc/count_reg[12]/Q (HIGH)

 There are 8 register/latch pins with no clock driven by root clock pin: speaker_pwm/mc/count_reg[13]/Q (HIGH)

 There are 8 register/latch pins with no clock driven by root clock pin: speaker_pwm/mc/count_reg[14]/Q (HIGH)

 There are 8 register/latch pins with no clock driven by root clock pin: speaker_pwm/mc/count_reg[15]/Q (HIGH)

 There are 8 register/latch pins with no clock driven by root clock pin: speaker_pwm/mc/count_reg[16]/Q (HIGH)

 There are 8 register/latch pins with no clock driven by root clock pin: speaker_pwm/mc/count_reg[17]/Q (HIGH)

 There are 8 register/latch pins with no clock driven by root clock pin: speaker_pwm/mc/count_reg[18]/Q (HIGH)

 There are 8 register/latch pins with no clock driven by root clock pin: speaker_pwm/mc/count_reg[19]/Q (HIGH)

 There are 8 register/latch pins with no clock driven by root clock pin: speaker_pwm/mc/count_reg[1]/Q (HIGH)

 There are 8 register/latch pins with no clock driven by root clock pin: speaker_pwm/mc/count_reg[20]/Q (HIGH)

 There are 8 register/latch pins with no clock driven by root clock pin: speaker_pwm/mc/count_reg[21]/Q (HIGH)

 There are 8 register/latch pins with no clock driven by root clock pin: speaker_pwm/mc/count_reg[22]/Q (HIGH)

 There are 8 register/latch pins with no clock driven by root clock pin: speaker_pwm/mc/count_reg[23]/Q (HIGH)

 There are 8 register/latch pins with no clock driven by root clock pin: speaker_pwm/mc/count_reg[24]/Q (HIGH)

 There are 8 register/latch pins with no clock driven by root clock pin: speaker_pwm/mc/count_reg[25]/Q (HIGH)

 There are 8 register/latch pins with no clock driven by root clock pin: speaker_pwm/mc/count_reg[26]/Q (HIGH)

 There are 8 register/latch pins with no clock driven by root clock pin: speaker_pwm/mc/count_reg[27]/Q (HIGH)

 There are 8 register/latch pins with no clock driven by root clock pin: speaker_pwm/mc/count_reg[28]/Q (HIGH)

 There are 8 register/latch pins with no clock driven by root clock pin: speaker_pwm/mc/count_reg[29]/Q (HIGH)

 There are 8 register/latch pins with no clock driven by root clock pin: speaker_pwm/mc/count_reg[2]/Q (HIGH)

 There are 8 register/latch pins with no clock driven by root clock pin: speaker_pwm/mc/count_reg[30]/Q (HIGH)

 There are 8 register/latch pins with no clock driven by root clock pin: speaker_pwm/mc/count_reg[31]/Q (HIGH)

 There are 8 register/latch pins with no clock driven by root clock pin: speaker_pwm/mc/count_reg[3]/Q (HIGH)

 There are 8 register/latch pins with no clock driven by root clock pin: speaker_pwm/mc/count_reg[4]/Q (HIGH)

 There are 8 register/latch pins with no clock driven by root clock pin: speaker_pwm/mc/count_reg[5]/Q (HIGH)

 There are 8 register/latch pins with no clock driven by root clock pin: speaker_pwm/mc/count_reg[6]/Q (HIGH)

 There are 8 register/latch pins with no clock driven by root clock pin: speaker_pwm/mc/count_reg[7]/Q (HIGH)

 There are 8 register/latch pins with no clock driven by root clock pin: speaker_pwm/mc/count_reg[8]/Q (HIGH)

 There are 8 register/latch pins with no clock driven by root clock pin: speaker_pwm/mc/count_reg[9]/Q (HIGH)


2. checking constant_clock (0)
------------------------------
 There are 0 register/latch pins with constant_clock.


3. checking pulse_width_clock (0)
---------------------------------
 There are 0 register/latch pins which need pulse_width check


4. checking unconstrained_internal_endpoints (8)
------------------------------------------------
 There are 8 pins that are not constrained for maximum delay. (HIGH)

 There are 0 pins that are not constrained for maximum delay due to constant clock.


5. checking no_input_delay (4)
------------------------------
 There are 4 input ports with no input delay specified. (HIGH)

 There are 0 input ports with no input delay but user has a false path constraint.


6. checking no_output_delay (11)
--------------------------------
 There are 11 ports with no output delay specified. (HIGH)

 There are 0 ports with no output delay but user has a false path constraint

 There are 0 ports with no output delay but with a timing clock defined on it or propagating through it


7. checking multiple_clock (0)
------------------------------
 There are 0 register/latch pins with multiple clocks.


8. checking generated_clocks (0)
--------------------------------
 There are 0 generated clocks that are not connected to a clock source.


9. checking loops (0)
---------------------
 There are 0 combinational loops in the design.


10. checking partial_input_delay (0)
------------------------------------
 There are 0 input ports with partial input delay specified.


11. checking partial_output_delay (0)
-------------------------------------
 There are 0 ports with partial output delay specified.


12. checking latch_loops (0)
----------------------------
 There are 0 combinational latch loops in the design through latch input



------------------------------------------------------------------------------------------------
| Design Timing Summary
| ---------------------
------------------------------------------------------------------------------------------------

    WNS(ns)      TNS(ns)  TNS Failing Endpoints  TNS Total Endpoints      WHS(ns)      THS(ns)  THS Failing Endpoints  THS Total Endpoints     WPWS(ns)     TPWS(ns)  TPWS Failing Endpoints  TPWS Total Endpoints  
    -------      -------  ---------------------  -------------------      -------      -------  ---------------------  -------------------     --------     --------  ----------------------  --------------------  
      4.331        0.000                      0                 1127        0.100        0.000                      0                 1127        3.500        0.000                       0                   279  


All user specified timing constraints are met.


------------------------------------------------------------------------------------------------
| Clock Summary
| -------------
------------------------------------------------------------------------------------------------

Clock  Waveform(ns)       Period(ns)      Frequency(MHz)
-----  ------------       ----------      --------------
gclk   {0.000 4.000}      10.000          100.000         


------------------------------------------------------------------------------------------------
| Intra Clock Table
| -----------------
------------------------------------------------------------------------------------------------

Clock             WNS(ns)      TNS(ns)  TNS Failing Endpoints  TNS Total Endpoints      WHS(ns)      THS(ns)  THS Failing Endpoints  THS Total Endpoints     WPWS(ns)     TPWS(ns)  TPWS Failing Endpoints  TPWS Total Endpoints  
-----             -------      -------  ---------------------  -------------------      -------      -------  ---------------------  -------------------     --------     --------  ----------------------  --------------------  
gclk                4.331        0.000                      0                 1127        0.100        0.000                      0                 1127        3.500        0.000                       0                   279  


------------------------------------------------------------------------------------------------
| Inter Clock Table
| -----------------
------------------------------------------------------------------------------------------------

From Clock    To Clock          WNS(ns)      TNS(ns)  TNS Failing Endpoints  TNS Total Endpoints      WHS(ns)      THS(ns)  THS Failing Endpoints  THS Total Endpoints  
----------    --------          -------      -------  ---------------------  -------------------      -------      -------  ---------------------  -------------------  


------------------------------------------------------------------------------------------------
| Other Path Groups Table
| -----------------------
------------------------------------------------------------------------------------------------

Path Group    From Clock    To Clock          WNS(ns)      TNS(ns)  TNS Failing Endpoints  TNS Total Endpoints      WHS(ns)      THS(ns)  THS Failing Endpoints  THS Total Endpoints  
----------    ----------    --------          -------      -------  ---------------------  -------------------      -------      -------  ---------------------  -------------------  


------------------------------------------------------------------------------------------------
| Timing Details
| --------------
------------------------------------------------------------------------------------------------


---------------------------------------------------------------------------------------------------
From Clock:  gclk
  To Clock:  gclk

Setup :            0  Failing Endpoints,  Worst Slack        4.331ns,  Total Violation        0.000ns
Hold  :            0  Failing Endpoints,  Worst Slack        0.100ns,  Total Violation        0.000ns
PW    :            0  Failing Endpoints,  Worst Slack        3.500ns,  Total Violation        0.000ns
---------------------------------------------------------------------------------------------------


Max Delay Paths
--------------------------------------------------------------------------------------
Slack (MET) :             4.331ns  (required time - arrival time)
  Source:                 portb_counter/count_reg[15]/C
                            (rising edge-triggered cell FDRE clocked by gclk  {rise@0.000ns fall@4.000ns period=10.000ns})
  Destination:            audio_bram/BRAM_reg_0_1/ENARDEN
                            (rising edge-triggered cell RAMB36E1 clocked by gclk  {rise@0.000ns fall@4.000ns period=10.000ns})
  Path Group:             gclk
  Path Type:              Setup (Max at Slow Process Corner)
  Requirement:            10.000ns  (gclk rise@10.000ns - gclk rise@0.000ns)
  Data Path Delay:        4.994ns  (logic 0.668ns (13.376%)  route 4.326ns (86.624%))
  Logic Levels:           1  (LUT1=1)
  Clock Path Skew:        0.007ns (DCD - SCD + CPR)
    Destination Clock Delay (DCD):    4.811ns = ( 14.811 - 10.000 ) 
    Source Clock Delay      (SCD):    5.061ns
    Clock Pessimism Removal (CPR):    0.257ns
  Clock Uncertainty:      0.035ns  ((TSJ^2 + TIJ^2)^1/2 + DJ) / 2 + PE
    Total System Jitter     (TSJ):    0.071ns
    Total Input Jitter      (TIJ):    0.000ns
    Discrete Jitter          (DJ):    0.000ns
    Phase Error              (PE):    0.000ns

    Location             Delay type                Incr(ns)  Path(ns)    Netlist Resource(s)
  -------------------------------------------------------------------    -------------------
                         (clock gclk rise edge)       0.000     0.000 r  
    N15                                               0.000     0.000 r  clk_100mhz (IN)
                         net (fo=0)                   0.000     0.000    clk_100mhz
    N15                  IBUF (Prop_ibuf_I_O)         1.440     1.440 r  clk_100mhz_IBUF_inst/O
                         net (fo=1, routed)           1.972     3.412    clk_100mhz_IBUF
    BUFGCTRL_X0Y0        BUFG (Prop_bufg_I_O)         0.096     3.508 r  clk_100mhz_IBUF_BUFG_inst/O
                         net (fo=278, routed)         1.553     5.061    portb_counter/clk_100mhz_IBUF_BUFG
    SLICE_X8Y87          FDRE                                         r  portb_counter/count_reg[15]/C
  -------------------------------------------------------------------    -------------------
    SLICE_X8Y87          FDRE (Prop_fdre_C_Q)         0.518     5.579 f  portb_counter/count_reg[15]/Q
                         net (fo=33, routed)          3.569     9.148    audio_bram/O49[15]
    SLICE_X8Y45          LUT1 (Prop_lut1_I0_O)        0.150     9.298 r  audio_bram/BRAM_reg_0_1_ENARDEN_cooolgate_en_gate_11/O
                         net (fo=1, routed)           0.757    10.055    audio_bram/BRAM_reg_0_1_ENARDEN_cooolgate_en_sig_2
    RAMB36_X0Y10         RAMB36E1                                     r  audio_bram/BRAM_reg_0_1/ENARDEN
  -------------------------------------------------------------------    -------------------

                         (clock gclk rise edge)      10.000    10.000 r  
    N15                                               0.000    10.000 r  clk_100mhz (IN)
                         net (fo=0)                   0.000    10.000    clk_100mhz
    N15                  IBUF (Prop_ibuf_I_O)         1.370    11.370 r  clk_100mhz_IBUF_inst/O
                         net (fo=1, routed)           1.868    13.238    clk_100mhz_IBUF
    BUFGCTRL_X0Y0        BUFG (Prop_bufg_I_O)         0.091    13.329 r  clk_100mhz_IBUF_BUFG_inst/O
                         net (fo=278, routed)         1.482    14.811    audio_bram/clk_100mhz_IBUF_BUFG
    RAMB36_X0Y10         RAMB36E1                                     r  audio_bram/BRAM_reg_0_1/CLKARDCLK
                         clock pessimism              0.257    15.068    
                         clock uncertainty           -0.035    15.033    
    RAMB36_X0Y10         RAMB36E1 (Setup_ramb36e1_CLKARDCLK_ENARDEN)
                                                     -0.647    14.386    audio_bram/BRAM_reg_0_1
  -------------------------------------------------------------------
                         required time                         14.386    
                         arrival time                         -10.055    
  -------------------------------------------------------------------
                         slack                                  4.331    





Min Delay Paths
--------------------------------------------------------------------------------------
Slack (MET) :             0.100ns  (arrival time - required time)
  Source:                 porta_counter/count_reg[15]/C
                            (rising edge-triggered cell FDRE clocked by gclk  {rise@0.000ns fall@4.000ns period=10.000ns})
  Destination:            audio_bram/BRAM_reg_1_0/ADDRBWRADDR[15]
                            (rising edge-triggered cell RAMB36E1 clocked by gclk  {rise@0.000ns fall@4.000ns period=10.000ns})
  Path Group:             gclk
  Path Type:              Hold (Min at Fast Process Corner)
  Requirement:            0.000ns  (gclk rise@0.000ns - gclk rise@0.000ns)
  Data Path Delay:        0.333ns  (logic 0.164ns (49.262%)  route 0.169ns (50.738%))
  Logic Levels:           0  
  Clock Path Skew:        0.052ns (DCD - SCD - CPR)
    Destination Clock Delay (DCD):    1.975ns
    Source Clock Delay      (SCD):    1.423ns
    Clock Pessimism Removal (CPR):    0.499ns

    Location             Delay type                Incr(ns)  Path(ns)    Netlist Resource(s)
  -------------------------------------------------------------------    -------------------
                         (clock gclk rise edge)       0.000     0.000 r  
    N15                                               0.000     0.000 r  clk_100mhz (IN)
                         net (fo=0)                   0.000     0.000    clk_100mhz
    N15                  IBUF (Prop_ibuf_I_O)         0.209     0.209 r  clk_100mhz_IBUF_inst/O
                         net (fo=1, routed)           0.634     0.843    clk_100mhz_IBUF
    BUFGCTRL_X0Y0        BUFG (Prop_bufg_I_O)         0.026     0.869 r  clk_100mhz_IBUF_BUFG_inst/O
                         net (fo=278, routed)         0.555     1.423    porta_counter/clk_100mhz_IBUF_BUFG
    SLICE_X8Y79          FDRE                                         r  porta_counter/count_reg[15]/C
  -------------------------------------------------------------------    -------------------
    SLICE_X8Y79          FDRE (Prop_fdre_C_Q)         0.164     1.587 r  porta_counter/count_reg[15]/Q
                         net (fo=25, routed)          0.169     1.756    audio_bram/out[15]
    RAMB36_X0Y15         RAMB36E1                                     r  audio_bram/BRAM_reg_1_0/ADDRBWRADDR[15]
  -------------------------------------------------------------------    -------------------

                         (clock gclk rise edge)       0.000     0.000 r  
    N15                                               0.000     0.000 r  clk_100mhz (IN)
                         net (fo=0)                   0.000     0.000    clk_100mhz
    N15                  IBUF (Prop_ibuf_I_O)         0.396     0.396 r  clk_100mhz_IBUF_inst/O
                         net (fo=1, routed)           0.689     1.085    clk_100mhz_IBUF
    BUFGCTRL_X0Y0        BUFG (Prop_bufg_I_O)         0.029     1.114 r  clk_100mhz_IBUF_BUFG_inst/O
                         net (fo=278, routed)         0.861     1.975    audio_bram/clk_100mhz_IBUF_BUFG
    RAMB36_X0Y15         RAMB36E1                                     r  audio_bram/BRAM_reg_1_0/CLKBWRCLK
                         clock pessimism             -0.499     1.476    
    RAMB36_X0Y15         RAMB36E1 (Hold_ramb36e1_CLKBWRCLK_ADDRBWRADDR[15])
                                                      0.180     1.656    audio_bram/BRAM_reg_1_0
  -------------------------------------------------------------------
                         required time                         -1.656    
                         arrival time                           1.756    
  -------------------------------------------------------------------
                         slack                                  0.100    





Pulse Width Checks
--------------------------------------------------------------------------------------
Clock Name:         gclk
Waveform(ns):       { 0.000 4.000 }
Period(ns):         10.000
Sources:            { clk_100mhz }

Check Type        Corner  Lib Pin             Reference Pin  Required(ns)  Actual(ns)  Slack(ns)  Location      Pin
Min Period        n/a     RAMB36E1/CLKARDCLK  n/a            3.363         10.000      6.637      RAMB36_X0Y14  audio_bram/BRAM_reg_0_0/CLKARDCLK
Low Pulse Width   Slow    FDRE/C              n/a            0.500         6.000       5.500      SLICE_X6Y80   audio_sample_reg[0]/C
High Pulse Width  Slow    FDRE/C              n/a            0.500         4.000       3.500      SLICE_X6Y80   audio_sample_reg[0]/C



