#-----------------------------------------------------------
# Vivado v2025.1 (64-bit)
# SW Build 6140274 on Wed May 21 22:58:25 MDT 2025
# IP Build 6138677 on Thu May 22 03:10:11 MDT 2025
# SharedData Build 6139179 on Tue May 20 17:58:58 MDT 2025
# Start of session at: Wed Sep 24 16:27:58 2025
# Process ID         : 606908
# Current directory  : /home/fpga/worker_place/temp/temp/bdb1ae24951e4cce8741a6918bcfd21c
# Command line       : vivado -mode batch -source build.tcl
# Log file           : /home/fpga/worker_place/temp/temp/bdb1ae24951e4cce8741a6918bcfd21c/vivado.log
# Journal file       : /home/fpga/worker_place/temp/temp/bdb1ae24951e4cce8741a6918bcfd21c/vivado.jou
# Running On         : eecs-digital-04
# Platform           : Ubuntu
# Operating System   : Ubuntu 24.04.3 LTS
# Processor Detail   : 13th Gen Intel(R) Core(TM) i7-13700
# CPU Frequency      : 800.000 MHz
# CPU Physical cores : 16
# CPU Logical cores  : 24
# Host memory        : 33325 MB
# Swap memory        : 8589 MB
# Total Virtual      : 41915 MB
# Available Virtual  : 39949 MB
#-----------------------------------------------------------
source build.tcl
couldn't read file "build.tcl": no such file or directory
INFO: [Common 17-206] Exiting Vivado at Wed Sep 24 16:27:59 2025...
