#! /usr/bin/vvp
:ivl_version "12.0 (stable)";
:ivl_delay_selection "TYPICAL";
:vpi_time_precision + 0;
:vpi_module "/usr/lib/x86_64-linux-gnu/ivl/system.vpi";
:vpi_module "/usr/lib/x86_64-linux-gnu/ivl/vhdl_sys.vpi";
:vpi_module "/usr/lib/x86_64-linux-gnu/ivl/vhdl_textio.vpi";
:vpi_module "/usr/lib/x86_64-linux-gnu/ivl/v2005_math.vpi";
:vpi_module "/usr/lib/x86_64-linux-gnu/ivl/va_math.vpi";
:vpi_module "/usr/lib/x86_64-linux-gnu/ivl/v2009.vpi";
S_0x564812cfa680 .scope package, "$unit" "$unit" 2 1;
 .timescale 0 0;
S_0x564812cfc870 .scope module, "top_level" "top_level" 3 3;
 .timescale 0 0;
    .port_info 0 /INPUT 1 "clk_100mhz";
    .port_info 1 /INPUT 16 "sw";
    .port_info 2 /INPUT 4 "btn";
    .port_info 3 /OUTPUT 16 "led";
    .port_info 4 /OUTPUT 3 "rgb0";
    .port_info 5 /OUTPUT 3 "rgb1";
    .port_info 6 /OUTPUT 1 "spkl";
    .port_info 7 /OUTPUT 1 "spkr";
    .port_info 8 /INPUT 1 "cipo";
    .port_info 9 /OUTPUT 1 "copi";
    .port_info 10 /OUTPUT 1 "dclk";
    .port_info 11 /OUTPUT 1 "cs";
    .port_info 12 /INPUT 1 "uart_rxd";
    .port_info 13 /OUTPUT 1 "uart_txd";
    .port_info 14 /OUTPUT 1 "debug_copi";
    .port_info 15 /OUTPUT 1 "debug_cipo";
    .port_info 16 /OUTPUT 1 "debug_dclk";
    .port_info 17 /OUTPUT 1 "debug_cs";
    .port_info 18 /OUTPUT 1 "debug_uart_rxd";
    .port_info 19 /OUTPUT 1 "debug_uart_txd";
P_0x564812cfcbb0 .param/l "ADC_DATA_CLK_PERIOD" 0 3 68, +C4<00000000000000000000000000110010>;
P_0x564812cfcbf0 .param/l "ADC_DATA_WIDTH" 0 3 67, +C4<00000000000000000000000000010001>;
P_0x564812cfcc30 .param/l "ADDR_WIDTH" 0 3 197, +C4<00000000000000000000000000010000>;
P_0x564812cfcc70 .param/l "BRAM_DEPTH" 0 3 196, +C4<00000000000000001001110001000000>;
P_0x564812cfccb0 .param/l "BRAM_WIDTH" 0 3 195, +C4<00000000000000000000000000001000>;
P_0x564812cfccf0 .param/l "CYCLES_PER_TRIGGER" 1 3 47, +C4<00000000000000000011000011010100>;
L_0x564812cff530 .functor BUFZ 1, v0x564812d30e10_0, C4<0>, C4<0>, C4<0>;
o0x7163a26f9198 .functor BUFZ 1, C4<z>; HiZ drive
L_0x564812cffd90 .functor BUFZ 1, o0x7163a26f9198, C4<0>, C4<0>, C4<0>;
L_0x564812d330f0 .functor BUFZ 1, v0x564812d30f90_0, C4<0>, C4<0>, C4<0>;
L_0x564812d331c0 .functor BUFZ 1, v0x564812d30ed0_0, C4<0>, C4<0>, C4<0>;
o0x7163a26f97f8 .functor BUFZ 1, C4<z>; HiZ drive
L_0x564812d332c0 .functor BUFZ 1, o0x7163a26f97f8, C4<0>, C4<0>, C4<0>;
L_0x564812d33390 .functor BUFZ 1, v0x564812d32b70_0, C4<0>, C4<0>, C4<0>;
L_0x564812d43610 .functor BUFZ 1, v0x564812d31e60_0, C4<0>, C4<0>, C4<0>;
L_0x564812d436e0 .functor BUFZ 1, v0x564812d31e60_0, C4<0>, C4<0>, C4<0>;
L_0x564812d43820 .functor BUFZ 8, v0x564812d30a10_0, C4<00000000>, C4<00000000>, C4<00000000>;
L_0x564812d439c0 .functor AND 1, v0x564812d30af0_0, L_0x564812d438c0, C4<1>, C4<1>;
L_0x564812d43b40 .functor NOT 1, v0x564812d32530_0, C4<0>, C4<0>, C4<0>;
L_0x564812d43be0 .functor AND 1, L_0x564812d439c0, L_0x564812d43b40, C4<1>, C4<1>;
L_0x564812d43ed0 .functor BUFZ 8, v0x564812d316c0_0, C4<00000000>, C4<00000000>, C4<00000000>;
L_0x564812d43cd0 .functor BUFZ 8, v0x564812d32910_0, C4<00000000>, C4<00000000>, C4<00000000>;
L_0x7163a26b00a8 .functor BUFT 1, C4<00000000000000000011000011010011>, C4<0>, C4<0>, C4<0>;
v0x564812cff650_0 .net/2u *"_ivl_18", 31 0, L_0x7163a26b00a8;  1 drivers
v0x564812cffef0_0 .net *"_ivl_31", 0 0, L_0x564812d438c0;  1 drivers
v0x564812d30740_0 .net *"_ivl_32", 0 0, L_0x564812d439c0;  1 drivers
v0x564812d30800_0 .net *"_ivl_34", 0 0, L_0x564812d43b40;  1 drivers
v0x564812d308e0_0 .net *"_ivl_41", 0 0, v0x564812d329f0_0;  1 drivers
v0x564812d30a10_0 .var "audio_sample", 7 0;
v0x564812d30af0_0 .var "audio_sample_waiting", 0 0;
o0x7163a26f9168 .functor BUFZ 4, C4<zzzz>; HiZ drive
v0x564812d30bb0_0 .net "btn", 3 0, o0x7163a26f9168;  0 drivers
v0x564812d30c90_0 .net "cipo", 0 0, o0x7163a26f9198;  0 drivers
o0x7163a26f91c8 .functor BUFZ 1, C4<z>; HiZ drive
v0x564812d30d50_0 .net "clk_100mhz", 0 0, o0x7163a26f91c8;  0 drivers
v0x564812d30e10_0 .var "copi", 0 0;
v0x564812d30ed0_0 .var "cs", 0 0;
v0x564812d30f90_0 .var "dclk", 0 0;
v0x564812d31050_0 .net "debug_cipo", 0 0, L_0x564812cffd90;  1 drivers
v0x564812d31110_0 .net "debug_copi", 0 0, L_0x564812cff530;  1 drivers
v0x564812d311d0_0 .net "debug_cs", 0 0, L_0x564812d331c0;  1 drivers
v0x564812d31290_0 .net "debug_dclk", 0 0, L_0x564812d330f0;  1 drivers
v0x564812d31460_0 .net "debug_uart_rxd", 0 0, L_0x564812d332c0;  1 drivers
v0x564812d31520_0 .net "debug_uart_txd", 0 0, L_0x564812d33390;  1 drivers
v0x564812d315e0_0 .net "dinb", 7 0, L_0x564812d43cd0;  1 drivers
v0x564812d316c0_0 .var "douta", 7 0;
v0x564812d317a0_0 .net "led", 15 0, L_0x564812d43d40;  1 drivers
v0x564812d31880_0 .net "line_out_audio", 7 0, L_0x564812d43ed0;  1 drivers
L_0x7163a26b0060 .functor BUFT 1, C4<000>, C4<0>, C4<0>, C4<0>;
v0x564812d31960_0 .net "rgb0", 2 0, L_0x7163a26b0060;  1 drivers
L_0x7163a26b0018 .functor BUFT 1, C4<000>, C4<0>, C4<0>, C4<0>;
v0x564812d31a40_0 .net "rgb1", 2 0, L_0x7163a26b0018;  1 drivers
v0x564812d31b20_0 .var "spi_read_data", 16 0;
v0x564812d31c00_0 .var "spi_read_data_valid", 0 0;
v0x564812d31cc0_0 .net "spi_trigger", 0 0, L_0x564812d43510;  1 drivers
L_0x7163a26b00f0 .functor BUFT 1, C4<11111000000000000>, C4<0>, C4<0>, C4<0>;
v0x564812d31d80_0 .net "spi_write_data", 16 0, L_0x7163a26b00f0;  1 drivers
v0x564812d31e60_0 .var "spk_out", 0 0;
v0x564812d31f20_0 .net "spkl", 0 0, L_0x564812d43610;  1 drivers
v0x564812d31fe0_0 .net "spkr", 0 0, L_0x564812d436e0;  1 drivers
o0x7163a26f9618 .functor BUFZ 16, C4<zzzzzzzzzzzzzzzz>; HiZ drive
v0x564812d320a0_0 .net "sw", 15 0, o0x7163a26f9618;  0 drivers
v0x564812d32390_0 .net "sys_rst", 0 0, L_0x564812d32f60;  1 drivers
v0x564812d32450_0 .var "trigger_count", 31 0;
v0x564812d32530_0 .var "uart_busy", 0 0;
v0x564812d325f0_0 .net "uart_data_in", 7 0, L_0x564812d43820;  1 drivers
v0x564812d326d0_0 .net "uart_data_valid", 0 0, L_0x564812d43be0;  1 drivers
v0x564812d32790_0 .var "uart_rx_buf0", 0 0;
v0x564812d32850_0 .var "uart_rx_buf1", 0 0;
v0x564812d32910_0 .var "uart_rx_dout", 7 0;
v0x564812d329f0_0 .var "uart_rx_dout_valid", 0 0;
v0x564812d32ab0_0 .net "uart_rxd", 0 0, o0x7163a26f97f8;  0 drivers
v0x564812d32b70_0 .var "uart_txd", 0 0;
E_0x564812d144d0 .event posedge, v0x564812d30d50_0;
L_0x564812d32f60 .part o0x7163a26f9168, 0, 1;
L_0x564812d43510 .cmp/eq 32, v0x564812d32450_0, L_0x7163a26b00a8;
L_0x564812d438c0 .part o0x7163a26f9618, 0, 1;
L_0x564812d43d40 .part/pv v0x564812d329f0_0, 0, 1, 16;
    .scope S_0x564812cfc870;
T_0 ;
    %wait E_0x564812d144d0;
    %load/vec4 v0x564812d31c00_0;
    %flag_set/vec4 8;
    %jmp/0xz  T_0.0, 8;
    %load/vec4 v0x564812d31b20_0;
    %parti/s 8, 2, 3;
    %assign/vec4 v0x564812d30a10_0, 0;
T_0.0 ;
    %jmp T_0;
    .thread T_0;
    .scope S_0x564812cfc870;
T_1 ;
    %wait E_0x564812d144d0;
    %load/vec4 v0x564812d32390_0;
    %flag_set/vec4 8;
    %jmp/0xz  T_1.0, 8;
    %pushi/vec4 0, 0, 1;
    %assign/vec4 v0x564812d30af0_0, 0;
    %jmp T_1.1;
T_1.0 ;
    %load/vec4 v0x564812d31c00_0;
    %flag_set/vec4 8;
    %jmp/0xz  T_1.2, 8;
    %pushi/vec4 1, 0, 1;
    %assign/vec4 v0x564812d30af0_0, 0;
    %jmp T_1.3;
T_1.2 ;
    %load/vec4 v0x564812d32530_0;
    %inv;
    %flag_set/vec4 8;
    %jmp/0xz  T_1.4, 8;
    %pushi/vec4 0, 0, 1;
    %assign/vec4 v0x564812d30af0_0, 0;
T_1.4 ;
T_1.3 ;
T_1.1 ;
    %jmp T_1;
    .thread T_1;
    .scope S_0x564812cfc870;
T_2 ;
    %wait E_0x564812d144d0;
    %load/vec4 v0x564812d32ab0_0;
    %assign/vec4 v0x564812d32790_0, 0;
    %load/vec4 v0x564812d32790_0;
    %assign/vec4 v0x564812d32850_0, 0;
    %jmp T_2;
    .thread T_2;
# The file index is used to find the file name in the following table.
:file_names 4;
    "N/A";
    "<interactive>";
    "-";
    "top_level.sv";
