Copyright 1986-2022 Xilinx, Inc. All Rights Reserved. Copyright 2022-2025 Advanced Micro Devices, Inc. All Rights Reserved.
---------------------------------------------------------------------------------------------------------------------------------------------
| Tool Version : Vivado v.2025.1 (lin64) Build 6140274 Wed May 21 22:58:25 MDT 2025
| Date         : Wed Oct  1 19:16:23 2025
| Host         : eecs-digital-10 running 64-bit Ubuntu 24.04.3 LTS
| Command      : report_timing -file obj/post_synth_timing.rpt
| Design       : top_level
| Device       : 7s50-csga324
| Speed File   : -1  PRODUCTION 1.23 2018-06-13
| Design State : Synthesized
---------------------------------------------------------------------------------------------------------------------------------------------

Timing Report

Slack (MET) :             5.730ns  (required time - arrival time)
  Source:                 my_pong/paddle_y_reg[1]/C
                            (rising edge-triggered cell FDRE clocked by clk_pixel_clk_wiz_0  {rise@0.000ns fall@6.734ns period=13.468ns})
  Destination:            my_pong/paddle_y_reg[3]/S
                            (rising edge-triggered cell FDSE clocked by clk_pixel_clk_wiz_0  {rise@0.000ns fall@6.734ns period=13.468ns})
  Path Group:             clk_pixel_clk_wiz_0
  Path Type:              Setup (Max at Slow Process Corner)
  Requirement:            13.468ns  (clk_pixel_clk_wiz_0 rise@13.468ns - clk_pixel_clk_wiz_0 rise@0.000ns)
  Data Path Delay:        6.992ns  (logic 2.294ns (32.809%)  route 4.698ns (67.191%))
  Logic Levels:           7  (CARRY4=2 LUT4=2 LUT6=3)
  Clock Path Skew:        -0.145ns (DCD - SCD + CPR)
    Destination Clock Delay (DCD):    -2.063ns = ( 11.405 - 13.468 ) 
    Source Clock Delay      (SCD):    -1.388ns
    Clock Pessimism Removal (CPR):    0.530ns
  Clock Uncertainty:      0.168ns  ((TSJ^2 + DJ^2)^1/2) / 2 + PE
    Total System Jitter     (TSJ):    0.071ns
    Discrete Jitter          (DJ):    0.329ns
    Phase Error              (PE):    0.000ns

    Location             Delay type                Incr(ns)  Path(ns)    Netlist Resource(s)
  -------------------------------------------------------------------    -------------------
                         (clock clk_pixel_clk_wiz_0 rise edge)
                                                      0.000     0.000 r  
    N15                                               0.000     0.000 r  clk_100mhz (IN)
                         net (fo=0)                   0.000     0.000    mhdmicw/clk_100mhz
    N15                  IBUF (Prop_ibuf_I_O)         1.440     1.440 r  mhdmicw/clkin1_ibufg/O
                         net (fo=1, unplaced)         0.584     2.024    mhdmicw/clk_ref_clk_wiz_0
                         MMCME2_ADV (Prop_mmcme2_adv_CLKIN1_CLKOUT0)
                                                     -5.108    -3.083 r  mhdmicw/mmcm_adv_inst/CLKOUT0
                         net (fo=1, unplaced)         0.800    -2.284    mhdmicw/clk_pixel_clk_wiz_0
                         BUFG (Prop_bufg_I_O)         0.096    -2.188 r  mhdmicw/clkout1_buf/O
                         net (fo=93, unplaced)        0.800    -1.388    my_pong/clk_pixel
                         FDRE                                         r  my_pong/paddle_y_reg[1]/C
  -------------------------------------------------------------------    -------------------
                         FDRE (Prop_fdre_C_Q)         0.456    -0.932 r  my_pong/paddle_y_reg[1]/Q
                         net (fo=15, unplaced)        0.719    -0.213    my_pong/Q[1]
                         LUT4 (Prop_lut4_I0_O)        0.295     0.082 r  my_pong/i__carry_i_4__4/O
                         net (fo=1, unplaced)         0.000     0.082    my_pong/i__carry_i_4__4_n_0
                         CARRY4 (Prop_carry4_S[1]_CO[3])
                                                      0.533     0.615 r  my_pong/paddle_y6_inferred__0/i__carry/CO[3]
                         net (fo=1, unplaced)         0.009     0.624    my_pong/paddle_y6_inferred__0/i__carry_n_0
                         CARRY4 (Prop_carry4_CI_O[3])
                                                      0.331     0.955 f  my_pong/paddle_y6_inferred__0/i__carry__0/O[3]
                         net (fo=3, unplaced)         0.636     1.591    my_pong/paddle_y5[7]
                         LUT4 (Prop_lut4_I3_O)        0.307     1.898 f  my_pong/paddle_y[7]_i_12/O
                         net (fo=1, unplaced)         1.111     3.009    my_pong/paddle_y[7]_i_12_n_0
                         LUT6 (Prop_lut6_I2_O)        0.124     3.133 f  my_pong/paddle_y[7]_i_5/O
                         net (fo=12, unplaced)        0.497     3.630    my_pong/paddle_y[7]_i_5_n_0
                         LUT6 (Prop_lut6_I2_O)        0.124     3.754 r  my_pong/paddle_y[7]_i_3/O
                         net (fo=4, unplaced)         0.926     4.680    my_pong/paddle_y[7]_i_3_n_0
                         LUT6 (Prop_lut6_I3_O)        0.124     4.804 r  my_pong/paddle_y[7]_i_1/O
                         net (fo=4, unplaced)         0.800     5.604    my_pong/paddle_y[7]_i_1_n_0
                         FDSE                                         r  my_pong/paddle_y_reg[3]/S
  -------------------------------------------------------------------    -------------------

                         (clock clk_pixel_clk_wiz_0 rise edge)
                                                     13.468    13.468 r  
    N15                                               0.000    13.468 r  clk_100mhz (IN)
                         net (fo=0)                   0.000    13.468    mhdmicw/clk_100mhz
    N15                  IBUF (Prop_ibuf_I_O)         1.370    14.838 r  mhdmicw/clkin1_ibufg/O
                         net (fo=1, unplaced)         0.439    15.277    mhdmicw/clk_ref_clk_wiz_0
                         MMCME2_ADV (Prop_mmcme2_adv_CLKIN1_CLKOUT0)
                                                     -5.378     9.899 r  mhdmicw/mmcm_adv_inst/CLKOUT0
                         net (fo=1, unplaced)         0.760    10.659    mhdmicw/clk_pixel_clk_wiz_0
                         BUFG (Prop_bufg_I_O)         0.091    10.750 r  mhdmicw/clkout1_buf/O
                         net (fo=93, unplaced)        0.655    11.405    my_pong/clk_pixel
                         FDSE                                         r  my_pong/paddle_y_reg[3]/C
                         clock pessimism              0.530    11.935    
                         clock uncertainty           -0.168    11.767    
                         FDSE (Setup_fdse_C_S)       -0.433    11.334    my_pong/paddle_y_reg[3]
  -------------------------------------------------------------------
                         required time                         11.334    
                         arrival time                          -5.604    
  -------------------------------------------------------------------
                         slack                                  5.730    




