Copyright 1986-2022 Xilinx, Inc. All Rights Reserved. Copyright 2022-2025 Advanced Micro Devices, Inc. All Rights Reserved.
---------------------------------------------------------------------------------------------------------------------------------------------
| Tool Version : Vivado v.2025.1 (lin64) Build 6140274 Wed May 21 22:58:25 MDT 2025
| Date         : Wed Oct  1 19:16:23 2025
| Host         : eecs-digital-10 running 64-bit Ubuntu 24.04.3 LTS
| Command      : report_utilization -file obj/post_synth_util.rpt -hierarchical -hierarchical_depth 4
| Design       : top_level
| Device       : xc7s50csga324-1
| Speed File   : -1
| Design State : Synthesized
---------------------------------------------------------------------------------------------------------------------------------------------

Utilization Design Information

Table of Contents
-----------------
1. Utilization by Hierarchy

1. Utilization by Hierarchy
---------------------------

+---------------+---------------+------------+------------+---------+------+-----+--------+--------+------------+
|    Instance   |     Module    | Total LUTs | Logic LUTs | LUTRAMs | SRLs | FFs | RAMB36 | RAMB18 | DSP Blocks |
+---------------+---------------+------------+------------+---------+------+-----+--------+--------+------------+
| top_level     |         (top) |        223 |        223 |       0 |    0 |  86 |      0 |      0 |          0 |
|   (top_level) |         (top) |          0 |          0 |       0 |    0 |   0 |      0 |      0 |          0 |
|   mvg         | video_sig_gen |         95 |         95 |       0 |    0 |  27 |      0 |      0 |          0 |
|   my_pong     |          pong |        134 |        134 |       0 |    0 |  34 |      0 |      0 |          0 |
|     (my_pong) |          pong |        105 |        105 |       0 |    0 |  34 |      0 |      0 |          0 |
+---------------+---------------+------------+------------+---------+------+-----+--------+--------+------------+


