#! /usr/bin/vvp
:ivl_version "12.0 (stable)";
:ivl_delay_selection "TYPICAL";
:vpi_time_precision - 12;
:vpi_module "/usr/lib/x86_64-linux-gnu/ivl/system.vpi";
:vpi_module "/usr/lib/x86_64-linux-gnu/ivl/vhdl_sys.vpi";
:vpi_module "/usr/lib/x86_64-linux-gnu/ivl/vhdl_textio.vpi";
:vpi_module "/usr/lib/x86_64-linux-gnu/ivl/v2005_math.vpi";
:vpi_module "/usr/lib/x86_64-linux-gnu/ivl/va_math.vpi";
:vpi_module "/usr/lib/x86_64-linux-gnu/ivl/v2009.vpi";
S_0x647775fd14f0 .scope package, "$unit" "$unit" 2 1;
 .timescale 0 0;
S_0x647775fd1680 .scope module, "tmds_encoder" "tmds_encoder" 3 4;
 .timescale -9 -12;
    .port_info 0 /INPUT 1 "clk";
    .port_info 1 /INPUT 1 "rst";
    .port_info 2 /INPUT 8 "video_data";
    .port_info 3 /INPUT 2 "control";
    .port_info 4 /INPUT 1 "video_enable";
    .port_info 5 /OUTPUT 10 "tmds";
o0x759affce6018 .functor BUFZ 1, C4<z>; HiZ drive
v0x647775ffd5b0_0 .net "clk", 0 0, o0x759affce6018;  0 drivers
o0x759affce6048 .functor BUFZ 2, C4<zz>; HiZ drive
v0x647776028910_0 .net "control", 1 0, o0x759affce6048;  0 drivers
v0x6477760289f0_0 .var "count_ones", 4 0;
v0x647776028ab0_0 .var "count_zeros", 4 0;
v0x647776028b90_0 .var/2s "i", 31 0;
v0x647776028cc0_0 .var "q_m", 8 0;
o0x759affce6138 .functor BUFZ 1, C4<z>; HiZ drive
v0x647776028da0_0 .net "rst", 0 0, o0x759affce6138;  0 drivers
v0x647776028e60_0 .var "tally", 4 0;
v0x647776028f40_0 .var "tmds", 9 0;
o0x759affce61c8 .functor BUFZ 8, C4<zzzzzzzz>; HiZ drive
v0x647776029020_0 .net "video_data", 7 0, o0x759affce61c8;  0 drivers
o0x759affce61f8 .functor BUFZ 1, C4<z>; HiZ drive
v0x647776029100_0 .net "video_enable", 0 0, o0x759affce61f8;  0 drivers
E_0x64777600acf0 .event posedge, v0x647775ffd5b0_0;
E_0x64777600b1c0 .event anyedge, v0x647776028cc0_0;
    .scope S_0x647775fd1680;
T_0 ;
Ewait_0 .event/or E_0x64777600b1c0, E_0x0;
    %wait Ewait_0;
    %pushi/vec4 0, 0, 5;
    %store/vec4 v0x6477760289f0_0, 0, 5;
    %pushi/vec4 0, 0, 32;
    %store/vec4 v0x647776028b90_0, 0, 32;
T_0.0 ;
    %load/vec4 v0x647776028b90_0;
    %cmpi/s 8, 0, 32;
    %jmp/0xz T_0.1, 5;
    %load/vec4 v0x6477760289f0_0;
    %load/vec4 v0x647776028cc0_0;
    %load/vec4 v0x647776028b90_0;
    %part/s 1;
    %pad/u 5;
    %add;
    %store/vec4 v0x6477760289f0_0, 0, 5;
    %load/vec4 v0x647776028b90_0;
    %addi 1, 0, 32;
    %cast2;
    %store/vec4 v0x647776028b90_0, 0, 32;
    %jmp T_0.0;
T_0.1 ;
    %pushi/vec4 8, 0, 5;
    %load/vec4 v0x6477760289f0_0;
    %sub;
    %store/vec4 v0x647776028ab0_0, 0, 5;
    %jmp T_0;
    .thread T_0, $push;
    .scope S_0x647775fd1680;
T_1 ;
    %wait E_0x64777600acf0;
    %load/vec4 v0x647776028da0_0;
    %flag_set/vec4 8;
    %jmp/0xz  T_1.0, 8;
    %pushi/vec4 0, 0, 5;
    %assign/vec4 v0x647776028e60_0, 0;
    %pushi/vec4 0, 0, 10;
    %assign/vec4 v0x647776028f40_0, 0;
T_1.0 ;
    %load/vec4 v0x647776029100_0;
    %pad/u 32;
    %cmpi/e 0, 0, 32;
    %jmp/0xz  T_1.2, 4;
    %load/vec4 v0x647776028910_0;
    %dup/vec4;
    %pushi/vec4 0, 0, 2;
    %cmp/u;
    %jmp/1 T_1.4, 6;
    %dup/vec4;
    %pushi/vec4 1, 0, 2;
    %cmp/u;
    %jmp/1 T_1.5, 6;
    %dup/vec4;
    %pushi/vec4 2, 0, 2;
    %cmp/u;
    %jmp/1 T_1.6, 6;
    %dup/vec4;
    %pushi/vec4 3, 0, 2;
    %cmp/u;
    %jmp/1 T_1.7, 6;
    %jmp T_1.8;
T_1.4 ;
    %pushi/vec4 852, 0, 10;
    %assign/vec4 v0x647776028f40_0, 0;
    %jmp T_1.8;
T_1.5 ;
    %pushi/vec4 171, 0, 10;
    %assign/vec4 v0x647776028f40_0, 0;
    %jmp T_1.8;
T_1.6 ;
    %pushi/vec4 340, 0, 10;
    %assign/vec4 v0x647776028f40_0, 0;
    %jmp T_1.8;
T_1.7 ;
    %pushi/vec4 683, 0, 10;
    %assign/vec4 v0x647776028f40_0, 0;
    %jmp T_1.8;
T_1.8 ;
    %pop/vec4 1;
    %jmp T_1.3;
T_1.2 ;
    %load/vec4 v0x647776028e60_0;
    %pad/u 32;
    %cmpi/e 0, 0, 32;
    %jmp/1 T_1.11, 4;
    %flag_mov 8, 4;
    %load/vec4 v0x6477760289f0_0;
    %load/vec4 v0x647776028ab0_0;
    %cmp/e;
    %flag_or 4, 8;
T_1.11;
    %jmp/0xz  T_1.9, 4;
    %load/vec4 v0x647776028cc0_0;
    %parti/s 1, 8, 5;
    %ix/load 4, 9, 0;
    %ix/load 5, 0, 0;
    %flag_set/imm 4, 0;
    %assign/vec4/off/d v0x647776028f40_0, 4, 5;
    %load/vec4 v0x647776028cc0_0;
    %parti/s 1, 7, 4;
    %ix/load 4, 8, 0;
    %ix/load 5, 0, 0;
    %flag_set/imm 4, 0;
    %assign/vec4/off/d v0x647776028f40_0, 4, 5;
    %load/vec4 v0x647776028cc0_0;
    %parti/s 1, 8, 5;
    %flag_set/vec4 8;
    %jmp/0 T_1.12, 8;
    %load/vec4 v0x647776028cc0_0;
    %parti/s 8, 0, 2;
    %jmp/1 T_1.13, 8;
T_1.12 ; End of true expr.
    %load/vec4 v0x647776028cc0_0;
    %parti/s 8, 0, 2;
    %inv;
    %jmp/0 T_1.13, 8;
 ; End of false expr.
    %blend;
T_1.13;
    %ix/load 4, 0, 0;
    %ix/load 5, 0, 0;
    %flag_set/imm 4, 0;
    %assign/vec4/off/d v0x647776028f40_0, 4, 5;
    %load/vec4 v0x647776028cc0_0;
    %parti/s 1, 8, 5;
    %pad/u 32;
    %cmpi/e 0, 0, 32;
    %jmp/0xz  T_1.14, 4;
    %load/vec4 v0x647776028e60_0;
    %load/vec4 v0x647776028ab0_0;
    %add;
    %load/vec4 v0x6477760289f0_0;
    %sub;
    %assign/vec4 v0x647776028e60_0, 0;
    %jmp T_1.15;
T_1.14 ;
    %load/vec4 v0x647776028e60_0;
    %load/vec4 v0x6477760289f0_0;
    %add;
    %load/vec4 v0x647776028ab0_0;
    %sub;
    %assign/vec4 v0x647776028e60_0, 0;
T_1.15 ;
    %jmp T_1.10;
T_1.9 ;
    %load/vec4 v0x647776028e60_0;
    %pad/u 32;
    %cmpi/u 0, 0, 32;
    %flag_or 5, 4; GT is !LE
    %flag_inv 5;
    %flag_get/vec4 5;
    %jmp/0 T_1.19, 5;
    %load/vec4 v0x647776028ab0_0;
    %load/vec4 v0x6477760289f0_0;
    %cmp/u;
    %flag_get/vec4 5;
    %and;
T_1.19;
    %flag_set/vec4 8;
    %jmp/1 T_1.18, 8;
    %load/vec4 v0x647776028e60_0;
    %pad/u 32;
    %cmpi/u 0, 0, 32;
    %flag_get/vec4 5;
    %jmp/0 T_1.20, 5;
    %load/vec4 v0x6477760289f0_0;
    %load/vec4 v0x647776028ab0_0;
    %cmp/u;
    %flag_get/vec4 5;
    %and;
T_1.20;
    %flag_set/vec4 9;
    %flag_or 8, 9;
T_1.18;
    %jmp/0xz  T_1.16, 8;
    %pushi/vec4 1, 0, 1;
    %ix/load 4, 9, 0;
    %ix/load 5, 0, 0;
    %flag_set/imm 4, 0;
    %assign/vec4/off/d v0x647776028f40_0, 4, 5;
    %load/vec4 v0x647776028cc0_0;
    %parti/s 1, 8, 5;
    %ix/load 4, 8, 0;
    %ix/load 5, 0, 0;
    %flag_set/imm 4, 0;
    %assign/vec4/off/d v0x647776028f40_0, 4, 5;
    %load/vec4 v0x647776028cc0_0;
    %parti/s 8, 0, 2;
    %inv;
    %ix/load 4, 0, 0;
    %ix/load 5, 0, 0;
    %flag_set/imm 4, 0;
    %assign/vec4/off/d v0x647776028f40_0, 4, 5;
    %load/vec4 v0x647776028e60_0;
    %load/vec4 v0x647776028cc0_0;
    %parti/s 1, 8, 5;
    %pad/u 5;
    %muli 2, 0, 5;
    %add;
    %load/vec4 v0x647776028ab0_0;
    %load/vec4 v0x6477760289f0_0;
    %sub;
    %add;
    %assign/vec4 v0x647776028e60_0, 0;
    %jmp T_1.17;
T_1.16 ;
    %pushi/vec4 0, 0, 10;
    %assign/vec4 v0x647776028f40_0, 0;
    %load/vec4 v0x647776028cc0_0;
    %parti/s 1, 8, 5;
    %ix/load 4, 8, 0;
    %flag_set/imm 4, 0;
    %store/vec4 v0x647776028f40_0, 4, 1;
    %load/vec4 v0x647776028cc0_0;
    %parti/s 8, 0, 2;
    %ix/load 4, 0, 0;
    %ix/load 5, 0, 0;
    %flag_set/imm 4, 0;
    %assign/vec4/off/d v0x647776028f40_0, 4, 5;
    %load/vec4 v0x647776028e60_0;
    %load/vec4 v0x647776028cc0_0;
    %parti/s 1, 8, 5;
    %pad/u 5;
    %inv;
    %muli 2, 0, 5;
    %sub;
    %load/vec4 v0x6477760289f0_0;
    %load/vec4 v0x647776028ab0_0;
    %sub;
    %add;
    %assign/vec4 v0x647776028e60_0, 0;
T_1.17 ;
T_1.10 ;
T_1.3 ;
    %jmp T_1;
    .thread T_1;
# The file index is used to find the file name in the following table.
:file_names 4;
    "N/A";
    "<interactive>";
    "-";
    "encoder.sv";
